
     1    1.000000
     2    0.999874    1.26E-04
     3    0.999498    3.77E-04
     4    0.998870    6.28E-04
     5    0.997991    8.79E-04
     6    0.996861    1.13E-03
     7    0.996729    1.31E-04
     8    0.996156    5.74E-04
     9    0.994384    1.77E-03
    10    0.987261    7.12E-03
    11    0.977853    9.41E-03
    12    0.968446    9.41E-03
    13    0.959039    9.41E-03
    14    0.949631    9.41E-03
    15    0.940224    9.41E-03
    16    0.930817    9.41E-03
    17    0.921409    9.41E-03
    18    0.912002    9.41E-03
    19    0.902595    9.41E-03
    20    0.893187    9.41E-03
    21    0.893103    8.44E-05
    22    0.892850    2.53E-04
    23    0.892428    4.22E-04
    24    0.891837    5.91E-04
    25    0.891078    7.59E-04
    26    0.890975    1.02E-04
    27    0.890505    4.71E-04
    28    0.888912    1.59E-03
    29    0.881013    7.90E-03
    30    0.871480    9.53E-03
    31    0.861947    9.53E-03
    32    0.852414    9.53E-03
    33    0.842881    9.53E-03
    34    0.833347    9.53E-03
    35    0.823814    9.53E-03
    36    0.814281    9.53E-03
    37    0.804748    9.53E-03
    38    0.795214    9.53E-03
    39    0.785681    9.53E-03
    40    0.776148    9.53E-03
    41    0.766615    9.53E-03
    42    0.757081    9.53E-03
    43    0.747548    9.53E-03
    44    0.747364    1.85E-04
    45    0.746810    5.53E-04
    46    0.745880    9.30E-04
    47    0.744582    1.30E-03
    48    0.742912    1.67E-03
    49    0.740872    2.04E-03
    50    0.738487    2.39E-03
    51    0.735740    2.75E-03
    52    0.732603    3.14E-03
    53    0.730997    1.61E-03
    54    0.728544    2.45E-03
    55    0.725714    2.83E-03
    56    0.722592    3.12E-03
    57    0.719178    3.41E-03
    58    0.719032    1.46E-04
    59    0.718541    4.91E-04
    60    0.709415    9.13E-03
    61    0.700290    9.13E-03
    62    0.691165    9.13E-03
    63    0.682040    9.13E-03
    64    0.672915    9.13E-03
    65    0.663790    9.13E-03
    66    0.654665    9.13E-03
    67    0.645539    9.13E-03
    68    0.644807    7.32E-04
    69    0.642395    2.41E-03
    70    0.637893    4.50E-03
    71    0.630727    7.17E-03
    72    0.625399    5.33E-03
    73    0.620072    5.33E-03
    74    0.619069    1.00E-03
    75    0.615328    3.74E-03
    76    0.607467    7.86E-03
    77    0.598082    9.39E-03
    78    0.588696    9.39E-03
    79    0.579310    9.39E-03
    80    0.579238    7.27E-05
    81    0.579019    2.18E-04
    82    0.578656    3.64E-04
    83    0.578147    5.09E-04
    84    0.577492    6.55E-04
    85    0.577420    7.21E-05
    86    0.577108    3.12E-04
    87    0.576167    9.41E-04
    88    0.572655    3.51E-03
    89    0.563953    8.70E-03
    90    0.555250    8.70E-03
    91    0.546547    8.70E-03
    92    0.537845    8.70E-03
    93    0.537174    6.70E-04
    94    0.534977    2.20E-03
    95    0.530911    4.07E-03
    96    0.524538    6.37E-03
    97    0.515300    9.24E-03
    98    0.515252    4.87E-05
    99    0.515106    1.46E-04
   100    0.514862    2.43E-04
   101    0.514521    3.41E-04
   102    0.514083    4.38E-04
   103    0.514019    6.47E-05
   104    0.513716    3.03E-04
   105    0.512626    1.09E-03
   106    0.506204    6.42E-03
   107    0.505436    7.69E-04
   108    0.502723    2.71E-03
   109    0.497292    5.43E-03
   110    0.488711    8.58E-03
   111    0.482635    6.08E-03
   112    0.476559    6.08E-03
   113    0.475981    5.77E-04
   114    0.474409    1.57E-03
   115    0.472013    2.40E-03
   116    0.469011    3.00E-03
   117    0.465517    3.49E-03
   118    0.461597    3.92E-03
   119    0.457245    4.35E-03
   120    0.452732    4.51E-03
   121    0.447902    4.83E-03
   122    0.442751    5.15E-03
   123    0.437555    5.20E-03
   124    0.432254    5.30E-03
   125    0.426807    5.45E-03
   126    0.421234    5.57E-03
   127    0.415615    5.62E-03
   128    0.415554    6.09E-05
   129    0.415371    1.83E-04
   130    0.415067    3.04E-04
   131    0.414641    4.26E-04
   132    0.414093    5.48E-04
   133    0.413424    6.69E-04
   134    0.412633    7.91E-04
   135    0.411720    9.13E-04
   136    0.410685    1.03E-03
   137    0.409529    1.16E-03
   138    0.409410    1.19E-04
   139    0.408866    5.44E-04
   140    0.405016    3.85E-03
   141    0.398246    6.77E-03
   142    0.391475    6.77E-03
   143    0.385402    6.07E-03
   144    0.379278    6.12E-03
   145    0.373203    6.08E-03
   146    0.367070    6.13E-03
   147    0.360840    6.23E-03
   148    0.354531    6.31E-03
   149    0.348148    6.38E-03
   150    0.347579    5.69E-04
   151    0.345659    1.92E-03
   152    0.341965    3.69E-03
   153    0.335872    6.09E-03
   154    0.335448    4.24E-04
   155    0.333946    1.50E-03
   156    0.330964    2.98E-03
   157    0.326301    4.66E-03
   158    0.319967    6.33E-03
   159    0.312518    7.45E-03
   160    0.304197    8.32E-03
   161    0.295287    8.91E-03
   162    0.294983    3.04E-04
   163    0.293985    9.98E-04
   164    0.292137    1.85E-03
   165    0.289234    2.90E-03
   166    0.285014    4.22E-03
   167    0.279140    5.87E-03
   168    0.278966    1.74E-04
   169    0.278404    5.62E-04
   170    0.277387    1.02E-03
   171    0.275840    1.55E-03
   172    0.273690    2.15E-03
   173    0.271028    2.66E-03
   174    0.267659    3.37E-03
   175    0.266208    1.45E-03
   176    0.263604    2.60E-03
   177    0.262052    1.55E-03
   178    0.259072    2.98E-03
   179    0.255471    3.60E-03
   180    0.251506    3.96E-03
   181    0.251466    4.01E-05
   182    0.251343    1.23E-04
   183    0.251133    2.10E-04
   184    0.250831    3.01E-04
   185    0.250434    3.97E-04
   186    0.249936    4.98E-04
   187    0.249332    6.04E-04
   188    0.248617    7.15E-04
   189    0.247787    8.31E-04
   190    0.246834    9.53E-04
   191    0.245754    1.08E-03
   192    0.244541    1.21E-03
   193    0.243188    1.35E-03
   194    0.241691    1.50E-03
   195    0.240041    1.65E-03
   196    0.238234    1.81E-03
   197    0.236263    1.97E-03
   198    0.234120    2.14E-03
   199    0.231790    2.33E-03
   200    0.229295    2.50E-03
   201    0.229207    8.77E-05
   202    0.228915    2.93E-04
   203    0.228362    5.52E-04
   204    0.227473    8.90E-04
   205    0.226130    1.34E-03
   206    0.224164    1.97E-03
   207    0.221637    2.53E-03
   208    0.218008    3.63E-03
   209    0.213737    4.27E-03
   210    0.208708    5.03E-03
   211    0.203042    5.67E-03
   212    0.197088    5.95E-03
   213    0.191351    5.74E-03
   214    0.185489    5.86E-03
   215    0.179634    5.86E-03
   216    0.173952    5.68E-03
   217    0.168790    5.16E-03
   218    0.163589    5.20E-03
   219    0.158516    5.07E-03
   220    0.153590    4.93E-03
   221    0.149068    4.52E-03
   222    0.144603    4.47E-03
   223    0.140224    4.38E-03
   224    0.139838    3.85E-04
   225    0.138888    9.50E-04
   226    0.137561    1.33E-03
   227    0.135955    1.61E-03
   228    0.134132    1.82E-03
   229    0.134113    1.92E-05
   230    0.134052    6.04E-05
   231    0.133946    1.06E-04
   232    0.133788    1.58E-04
   233    0.133573    2.15E-04
   234    0.133291    2.82E-04
   235    0.132935    3.56E-04
   236    0.132494    4.41E-04
   237    0.131953    5.41E-04
   238    0.131299    6.54E-04
   239    0.130446    8.53E-04
   240    0.129447    9.99E-04
   241    0.128243    1.20E-03
   242    0.126650    1.59E-03
   243    0.124723    1.93E-03
   244    0.122020    2.70E-03
   245    0.118097    3.92E-03
   246    0.113850    4.25E-03
   247    0.109604    4.25E-03
   248    0.105357    4.25E-03
   249    0.101079    4.28E-03
   250    0.096801    4.28E-03
   251    0.092523    4.28E-03
   252    0.088244    4.28E-03
   253    0.084577    3.67E-03
   254    0.080910    3.67E-03
   255    0.077243    3.67E-03
   256    0.073576    3.67E-03
   257    0.069850    3.73E-03
   258    0.066163    3.69E-03
   259    0.062575    3.59E-03
   260    0.062568    7.95E-06
   261    0.062544    2.39E-05
   262    0.062503    4.01E-05
   263    0.062447    5.64E-05
   264    0.062374    7.28E-05
   265    0.062285    8.94E-05
   266    0.062179    1.06E-04
   267    0.062056    1.23E-04
   268    0.061916    1.40E-04
   269    0.061759    1.57E-04
   270    0.061585    1.74E-04
   271    0.061393    1.92E-04
   272    0.061183    2.10E-04
   273    0.060957    2.26E-04
   274    0.060713    2.44E-04
   275    0.060451    2.62E-04
   276    0.060171    2.79E-04
   277    0.059874    2.97E-04
   278    0.059559    3.15E-04
   279    0.059226    3.33E-04
   280    0.058874    3.51E-04
   281    0.058505    3.69E-04
   282    0.058497    7.87E-06
   283    0.058472    2.49E-05
   284    0.058428    4.42E-05
   285    0.058362    6.65E-05
   286    0.058270    9.18E-05
   287    0.058149    1.21E-04
   288    0.057993    1.56E-04
   289    0.057796    1.97E-04
   290    0.057552    2.44E-04
   291    0.057250    3.01E-04
   292    0.056882    3.68E-04
   293    0.056435    4.47E-04
   294    0.055901    5.35E-04
   295    0.055264    6.37E-04
   296    0.054504    7.59E-04
   297    0.053605    8.99E-04
   298    0.052590    1.01E-03
   299    0.051404    1.19E-03
   300    0.050096    1.31E-03
   301    0.048616    1.48E-03
   302    0.047010    1.61E-03
   303    0.045278    1.73E-03
   304    0.043411    1.87E-03
   305    0.041435    1.98E-03
   306    0.039374    2.06E-03
   307    0.037218    2.16E-03
   308    0.035006    2.21E-03
   309    0.032716    2.29E-03
   310    0.030376    2.34E-03
   311    0.027985    2.39E-03
   312    0.025544    2.44E-03
   313    0.023081    2.46E-03
   314    0.020585    2.50E-03
   315    0.018062    2.52E-03
   316    0.015518    2.54E-03
   317    0.012956    2.56E-03
   318    0.010381    2.58E-03
   319    0.007794    2.59E-03
   320    0.005199    2.59E-03
   321    0.002600    2.60E-03
   322    0.000000    2.60E-03
zgrid  244   0.579310   0.579310

     1    0.579310    0.000000      0.80  7.9941E-01  244
     2    0.579238   -0.000125      2.40  2.4007E+00  243
     3    0.579019   -0.000502      4.00  4.0046E+00  242
     4    0.578656   -0.001131      5.60  5.6077E+00  241
     5    0.578147   -0.002011      7.20  7.2189E+00  240
     6    0.577492   -0.003144      0.00  0.0000E+00  239
     7    0.577420   -0.003144      0.00  0.0000E+00  238
     8    0.577108   -0.003144      0.00  0.0000E+00  237
     9    0.576167   -0.003144      0.00  0.0000E+00  236
    10    0.572655   -0.003144      0.00  0.0000E+00  235
    11    0.563953   -0.003144      0.00  0.0000E+00  234
    12    0.555250   -0.003144      0.00  0.0000E+00  233
    13    0.546547   -0.003144      0.00  0.0000E+00  232
    14    0.537845   -0.003144      0.00  0.0000E+00  231
    15    0.537174   -0.003144      0.00  0.0000E+00  230
    16    0.534977   -0.003144      0.00  0.0000E+00  229
    17    0.530911   -0.003144      0.00  0.0000E+00  228
    18    0.524538   -0.003144      0.00  0.0000E+00  227
    19    0.515300   -0.003144      0.60  6.0267E-01  226
    20    0.515252   -0.003239      1.80  1.8049E+00  225
    21    0.515106   -0.003522      3.00  3.0105E+00  224
    22    0.514862   -0.003995      4.20  4.2197E+00  223
    23    0.514521   -0.004657      5.40  5.4271E+00  222
    24    0.514083   -0.005509      0.00  0.0000E+00  221
    25    0.514019   -0.005509      0.00  0.0000E+00  220
    26    0.513716   -0.005509      0.00  0.0000E+00  219
    27    0.512626   -0.005509      0.00  0.0000E+00  218
    28    0.506204   -0.005509      0.00  0.0000E+00  217
    29    0.505436   -0.005509      0.00  0.0000E+00  216
    30    0.502723   -0.005509      0.00  0.0000E+00  215
    31    0.497292   -0.005509      0.00  0.0000E+00  214
    32    0.488711   -0.005509      0.00  0.0000E+00  213
    33    0.482635   -0.005509      0.00  0.0000E+00  212
    34    0.476559   -0.005509      0.00  0.0000E+00  211
    35    0.475981   -0.005509      0.00  0.0000E+00  210
    36    0.474409   -0.005509      0.00  0.0000E+00  209
    37    0.472013   -0.005509      0.00  0.0000E+00  208
    38    0.469011   -0.005509      0.00  0.0000E+00  207
    39    0.465517   -0.005509      0.00  0.0000E+00  206
    40    0.461597   -0.005509      0.00  0.0000E+00  205
    41    0.457245   -0.005509      0.00  0.0000E+00  204
    42    0.452732   -0.005509      0.00  0.0000E+00  203
    43    0.447902   -0.005509      0.00  0.0000E+00  202
    44    0.442751   -0.005509      0.00  0.0000E+00  201
    45    0.437555   -0.005509      0.00  0.0000E+00  200
    46    0.432254   -0.005509      0.00  0.0000E+00  199
    47    0.426807   -0.005509      0.00  0.0000E+00  198
    48    0.421234   -0.005509      0.00  0.0000E+00  197
    49    0.415615   -0.005509      0.85  8.5385E-01  196
    50    0.415554   -0.005643      2.55  2.5630E+00  195
    51    0.415371   -0.006045      4.25  4.2731E+00  194
    52    0.415067   -0.006716      5.94  5.9870E+00  193
    53    0.414641   -0.007655      7.64  7.7084E+00  192
    54    0.414093   -0.008865      9.35  9.4368E+00  191
    55    0.413424   -0.010347     11.05  1.1173E+01  190
    56    0.412633   -0.012100     12.75  1.2922E+01  189
    57    0.411720   -0.014129     14.46  1.4682E+01  188
    58    0.410685   -0.016433     16.16  1.6452E+01  187
    59    0.409529   -0.019015      0.58  5.8754E-01  186
    60    0.409410   -0.019108      2.63  2.6833E+00  185
    61    0.408866   -0.019529     18.78  1.9177E+01  184
    62    0.405016   -0.022539     33.61  3.4474E+01  183
    63    0.398246   -0.027950     34.40  3.5475E+01  182
    64    0.391475   -0.033518     26.06  2.7006E+01  181
    65    0.385402   -0.037757     26.89  2.7987E+01  180
    66    0.379278   -0.042150     27.31  2.8547E+01  179
    67    0.373203   -0.046631     28.22  2.9639E+01  178
    68    0.367070   -0.051283     29.37  3.0994E+01  177
    69    0.360840   -0.056148     30.49  3.2336E+01  176
    70    0.354531   -0.061223     31.65  3.3735E+01  175
    71    0.348148   -0.066518      0.00  0.0000E+00  174
    72    0.347579   -0.066518      0.00  0.0000E+00  173
    73    0.345659   -0.066518      0.00  0.0000E+00  172
    74    0.341965   -0.066518      0.00  0.0000E+00  171
    75    0.335872   -0.066518      2.41  2.5713E+00  170
    76    0.335448   -0.066922      8.53  9.1250E+00  169
    77    0.333946   -0.068354     17.10  1.8332E+01  168
    78    0.330964   -0.071231     27.15  2.9217E+01  167
    79    0.326301   -0.075817     37.73  4.0832E+01  166
    80    0.319967   -0.082227     45.67  4.9779E+01  165
    81    0.312518   -0.090040     52.77  5.8000E+01  164
    82    0.304197   -0.099144     58.66  6.5103E+01  163
    83    0.295287   -0.109362      0.00  0.0000E+00  162
    84    0.294983   -0.109362      0.00  0.0000E+00  161
    85    0.293985   -0.109362      0.00  0.0000E+00  160
    86    0.292137   -0.109362      0.00  0.0000E+00  159
    87    0.289234   -0.109362      0.00  0.0000E+00  158
    88    0.285014   -0.109362      0.00  0.0000E+00  157
    89    0.279140   -0.109362      1.48  1.6532E+00  156
    90    0.278966   -0.109622      4.79  5.3431E+00  155
    91    0.278404   -0.110460      8.69  9.7178E+00  154
    92    0.277387   -0.111986     13.29  1.4881E+01  153
    93    0.275840   -0.114321     18.61  2.0898E+01  152
    94    0.273690   -0.117602     23.29  2.6253E+01  151
    95    0.271028   -0.121722     29.85  3.3804E+01  150
    96    0.267659   -0.127028     15.94  1.8123E+01  149
    97    0.266208   -0.129873     29.00  3.3106E+01  148
    98    0.263604   -0.135069     17.50  2.0058E+01  147
    99    0.262052   -0.138217     34.09  3.9259E+01  146
   100    0.259072   -0.144380     42.01  4.8726E+01  145
   101    0.255471   -0.152028     47.34  5.5353E+01  144
   102    0.251506   -0.160716      0.49  5.7037E-01  143
   103    0.251466   -0.160806      1.49  1.7490E+00  142
   104    0.251343   -0.161080      2.54  2.9883E+00  141
   105    0.251133   -0.161549      3.65  4.2959E+00  140
   106    0.250831   -0.162223      4.83  5.6805E+00  139
   107    0.250434   -0.163115      6.07  7.1465E+00  138
   108    0.249936   -0.164237      7.38  8.7013E+00  137
   109    0.249332   -0.165603      8.77  1.0355E+01  136
   110    0.248617   -0.167228     10.24  1.2117E+01  135
   111    0.247787   -0.169130     11.80  1.3995E+01  134
   112    0.246834   -0.171326     13.47  1.6002E+01  133
   113    0.245754   -0.173838     15.23  1.8147E+01  132
   114    0.244541   -0.176687     17.11  2.0446E+01  131
   115    0.243188   -0.179896     19.11  2.2915E+01  130
   116    0.241691   -0.183492     21.23  2.5560E+01  129
   117    0.240041   -0.187504     23.51  2.8417E+01  128
   118    0.238234   -0.191965     25.92  3.1489E+01  127
   119    0.236263   -0.196907     28.51  3.4812E+01  126
   120    0.234120   -0.202371     31.40  3.8557E+01  125
   121    0.231790   -0.208423     34.10  4.2136E+01  124
   122    0.229295   -0.215037      1.21  1.4970E+00  123
   123    0.229207   -0.215272      4.03  5.0058E+00  122
   124    0.228915   -0.216058      7.62  9.4698E+00  121
   125    0.228362   -0.217544     12.34  1.5354E+01  120
   126    0.227473   -0.219954     18.73  2.3381E+01  119
   127    0.226130   -0.223624     27.69  3.4725E+01  118
   128    0.224164   -0.229075     36.02  4.5452E+01  117
   129    0.221637   -0.236209     52.59  6.6955E+01  116
   130    0.218008   -0.246718     63.21  8.1410E+01  115
   131    0.213737   -0.259496     76.21  9.9564E+01  114
   132    0.208708   -0.275124     88.16  1.1715E+02  113
   133    0.203042   -0.293511     95.23  1.2901E+02  112
   134    0.197088   -0.313761     94.19  1.3023E+02  111
   135    0.191351   -0.334202     98.62  1.3927E+02  110
   136    0.185489   -0.356062    100.83  1.4561E+02  109
   137    0.179634   -0.378917     99.97  1.4772E+02  108
   138    0.173952   -0.402104     92.54  1.3987E+02  107
   139    0.168790   -0.424058     94.81  1.4656E+02  106
   140    0.163589   -0.447061     93.91  1.4857E+02  105
   141    0.158516   -0.470381     92.48  1.4978E+02  104
   142    0.153590   -0.493890     85.98  1.4247E+02  103
   143    0.149068   -0.516252     85.84  1.4550E+02  102
   144    0.144603   -0.539090     85.07  1.4754E+02  101
   145    0.140224   -0.562248      9.41  1.6527E+01  100
   146    0.139838   -0.564842     23.20  4.0952E+01   99
   147    0.138888   -0.571270     32.43  5.7680E+01   98
   148    0.137561   -0.580324     39.27  7.0557E+01   97
   149    0.135955   -0.591398     44.68  8.1237E+01   96
   150    0.134132   -0.604150      0.00  0.0000E+00   95
   151    0.135955   -0.604150      0.00  0.0000E+00   96
   152    0.137561   -0.604150      0.00  0.0000E+00   97
   153    0.138888   -0.604150      0.00  0.0000E+00   98
   154    0.139838   -0.604150      0.00  0.0000E+00   99
   155    0.140224   -0.604150      0.00  0.0000E+00  100
   156    0.144603   -0.604150      0.00  0.0000E+00  101
   157    0.149068   -0.604150      0.00  0.0000E+00  102
   158    0.153590   -0.604150      0.00  0.0000E+00  103
   159    0.158516   -0.604150      0.00  0.0000E+00  104
   160    0.163589   -0.604150      0.00  0.0000E+00  105
   161    0.168790   -0.604150      0.00  0.0000E+00  106
   162    0.173952   -0.604150      0.00  0.0000E+00  107
   163    0.179634   -0.604150      0.00  0.0000E+00  108
   164    0.185489   -0.604150      0.00  0.0000E+00  109
   165    0.191351   -0.604150      0.00  0.0000E+00  110
   166    0.197088   -0.604150      0.00  0.0000E+00  111
   167    0.203042   -0.604150      0.00  0.0000E+00  112
   168    0.208708   -0.604150      0.00  0.0000E+00  113
   169    0.213737   -0.604150      0.00  0.0000E+00  114
   170    0.218008   -0.604150      0.00  0.0000E+00  115
   171    0.221637   -0.604150      0.00  0.0000E+00  116
   172    0.224164   -0.604150      0.00  0.0000E+00  117
   173    0.226130   -0.604150      0.00  0.0000E+00  118
   174    0.227473   -0.604150      0.00  0.0000E+00  119
   175    0.228362   -0.604150      0.00  0.0000E+00  120
   176    0.228915   -0.604150      0.00  0.0000E+00  121
   177    0.229207   -0.604150      0.00  0.0000E+00  122
   178    0.229295   -0.604150      0.76  1.3849E+00  123
   179    0.229207   -0.604367      2.52  4.6226E+00  122
   180    0.228915   -0.605093      4.77  8.7424E+00  121
   181    0.228362   -0.606465      7.72  1.4169E+01  120
   182    0.227473   -0.608689     11.71  2.1562E+01  119
   183    0.226130   -0.612073     17.31  3.1996E+01  118
   184    0.224164   -0.617095     22.50  4.1841E+01  117
   185    0.221637   -0.623663     32.84  6.1567E+01  116
   186    0.218008   -0.633326     39.47  7.4787E+01  115
   187    0.213737   -0.645065     47.62  9.1431E+01  114
   188    0.208708   -0.659416     55.20  1.0764E+02  113
   189    0.203042   -0.676312     59.84  1.1878E+02  112
   190    0.197088   -0.694956     59.49  1.2032E+02  111
   191    0.191351   -0.713843     62.70  1.2933E+02  110
   192    0.185489   -0.734142     64.63  1.3612E+02  109
   193    0.179634   -0.755508     64.70  1.3923E+02  108
   194    0.173952   -0.777362     60.51  1.3304E+02  107
   195    0.168790   -0.798244     62.68  1.4080E+02  106
   196    0.163589   -0.820345     62.83  1.4434E+02  105
   197    0.158516   -0.843000     62.65  1.4725E+02  104
   198    0.153590   -0.866113     58.97  1.4178E+02  103
   199    0.149068   -0.888367     59.61  1.4660E+02  102
   200    0.144603   -0.911377     59.81  1.5057E+02  101
   201    0.140224   -0.935011      5.33  1.3589E+01  100
   202    0.139838   -0.937144     13.19  3.3754E+01   99
   203    0.138888   -0.942442     18.52  4.7710E+01   98
   204    0.137561   -0.949930     22.57  5.8627E+01   97
   205    0.135955   -0.959132     25.87  6.7861E+01   96
   206    0.134132   -0.969784      0.27  7.2189E-01   95
   207    0.134113   -0.969897      0.86  2.2693E+00   94
   208    0.134052   -0.970253      1.52  4.0010E+00   93
   209    0.133946   -0.970881      2.25  5.9456E+00   92
   210    0.133788   -0.971815      3.08  8.1360E+00   91
   211    0.133573   -0.973092      4.03  1.0661E+01   90
   212    0.133291   -0.974765      5.10  1.3534E+01   89
   213    0.132935   -0.976889      6.33  1.6828E+01   88
   214    0.132494   -0.979531      7.78  2.0754E+01   87
   215    0.131953   -0.982788      9.44  2.5283E+01   86
   216    0.131299   -0.986757     12.35  3.3213E+01   85
   217    0.130446   -0.991970     14.54  3.9327E+01   84
   218    0.129447   -0.998143     17.62  4.7994E+01   83
   219    0.128243   -1.005676     23.47  6.4491E+01   82
   220    0.126650   -1.015799     28.63  7.9561E+01   81
   221    0.124723   -1.028287     40.62  1.1461E+02   80
   222    0.122020   -1.046276     59.91  1.7288E+02   79
   223    0.118097   -1.073411     66.11  1.9640E+02   78
   224    0.113850   -1.104237     67.42  2.0672E+02   77
   225    0.109604   -1.136684     68.72  2.1784E+02   76
   226    0.105357   -1.170876     70.53  2.3159E+02   75
   227    0.101079   -1.207227     71.81  2.4479E+02   74
   228    0.096801   -1.245649     73.07  2.5912E+02   73
   229    0.092523   -1.286321     74.29  2.7474E+02   72
   230    0.088244   -1.329444     64.63  2.4902E+02   71
   231    0.084577   -1.368531     65.47  2.6260E+02   70
   232    0.080910   -1.409749     66.28  2.7736E+02   69
   233    0.077243   -1.453284     67.05  2.9346E+02   68
   234    0.073576   -1.499346     68.89  3.1627E+02   67
   235    0.069850   -1.548988     68.86  3.3265E+02   66
   236    0.066163   -1.601201     67.64  3.4457E+02   65
   237    0.062575   -1.655285      0.00  0.0000E+00   64
   238    0.062568   -1.655285      0.00  0.0000E+00   63
   239    0.062544   -1.655285      0.00  0.0000E+00   62
   240    0.062503   -1.655285      0.00  0.0000E+00   61
   241    0.062447   -1.655285      0.00  0.0000E+00   60
   242    0.062374   -1.655285      0.00  0.0000E+00   59
   243    0.062285   -1.655285      0.00  0.0000E+00   58
   244    0.062179   -1.655285      0.00  0.0000E+00   57
   245    0.062056   -1.655285      0.00  0.0000E+00   56
   246    0.061916   -1.655285      0.00  0.0000E+00   55
   247    0.061759   -1.655285      0.00  0.0000E+00   54
   248    0.061585   -1.655285      0.00  0.0000E+00   53
   249    0.061393   -1.655285      0.00  0.0000E+00   52
   250    0.061183   -1.655285      0.00  0.0000E+00   51
   251    0.060957   -1.655285      0.00  0.0000E+00   50
   252    0.060713   -1.655285      0.00  0.0000E+00   49
   253    0.060451   -1.655285      0.00  0.0000E+00   48
   254    0.060171   -1.655285      0.00  0.0000E+00   47
   255    0.059874   -1.655285      0.00  0.0000E+00   46
   256    0.059559   -1.655285      0.00  0.0000E+00   45
   257    0.059226   -1.655285      0.00  0.0000E+00   44
   258    0.058874   -1.655285      0.00  0.0000E+00   43
   259    0.058505   -1.655285      0.16  8.3467E-01   42
   260    0.058497   -1.655416      0.51  2.6445E+00   41
   261    0.058472   -1.655832      0.90  4.6898E+00   40
   262    0.058428   -1.656568      1.35  7.0617E+00   39
   263    0.058362   -1.657676      1.86  9.7677E+00   38
   264    0.058270   -1.659209      2.46  1.2941E+01   37
   265    0.058149   -1.661240      3.16  1.6665E+01   36
   266    0.057993   -1.663856      3.98  2.1061E+01   35
   267    0.057796   -1.667162      4.96  2.6309E+01   34
   268    0.057552   -1.671292      6.11  3.2585E+01   33
   269    0.057250   -1.676406      7.46  4.0022E+01   32
   270    0.056882   -1.682688      9.08  4.9020E+01   31
   271    0.056435   -1.690382     10.86  5.9171E+01   30
   272    0.055901   -1.699670     12.94  7.1230E+01   29
   273    0.055264   -1.710850     15.45  8.6095E+01   28
   274    0.054504   -1.724364     18.32  1.0360E+02   27
   275    0.053605   -1.740624     20.69  1.1908E+02   26
   276    0.052590   -1.759316     24.22  1.4226E+02   25
   277    0.051404   -1.781645     26.76  1.6094E+02   24
   278    0.050096   -1.806906     30.32  1.8743E+02   23
   279    0.048616   -1.836324     32.95  2.1015E+02   22
   280    0.047010   -1.869310     35.60  2.3514E+02   21
   281    0.045278   -1.906218     38.45  2.6411E+02   20
   282    0.043411   -1.947673     40.79  2.9262E+02   19
   283    0.041435   -1.993603     42.61  3.2080E+02   18
   284    0.039374   -2.043956     44.67  3.5458E+02   17
   285    0.037218   -2.099611     45.93  3.8643E+02   16
   286    0.035006   -2.160265     47.62  4.2702E+02   15
   287    0.032716   -2.227291     48.76  4.6906E+02   14
   288    0.030376   -2.300916     49.91  5.1888E+02   13
   289    0.027985   -2.382360     51.02  5.7796E+02   12
   290    0.025544   -2.473077     51.58  6.4304E+02   11
   291    0.023081   -2.574010     52.32  7.2621E+02   10
   292    0.020585   -2.687996     52.96  8.3053E+02    9
   293    0.018062   -2.818357     53.46  9.6502E+02    8
   294    0.015518   -2.969829     53.88  1.1475E+03    7
   295    0.012956   -3.149947     54.22  1.4103E+03    6
   296    0.010381   -3.371316     54.49  1.8247E+03    5
   297    0.007794   -3.657719     54.69  2.5785E+03    4
   298    0.005199   -4.062448     54.81  4.4159E+03    3
   299    0.002600   -4.755570     54.81  6.3710E+09    2
   300    0.000000************                          1
zgrid  322    1.00000    1.00000

     1    1.000000    0.000000      0.80  8.0016E-01  322
     2    0.999874   -0.000126      2.40  2.4011E+00  321
     3    0.999498   -0.000502      4.00  4.0031E+00  320
     4    0.998870   -0.001131      5.60  5.6081E+00  319
     5    0.997991   -0.002011      7.20  7.2189E+00  318
     6    0.996861   -0.003144      0.00  0.0000E+00  317
     7    0.996729   -0.003144      0.00  0.0000E+00  316
     8    0.996156   -0.003144      0.00  0.0000E+00  315
     9    0.994384   -0.003144      0.00  0.0000E+00  314
    10    0.987261   -0.003144      0.00  0.0000E+00  313
    11    0.977853   -0.003144      0.00  0.0000E+00  312
    12    0.968446   -0.003144      0.00  0.0000E+00  311
    13    0.959039   -0.003144      0.00  0.0000E+00  310
    14    0.949631   -0.003144      0.00  0.0000E+00  309
    15    0.940224   -0.003144      0.00  0.0000E+00  308
    16    0.930817   -0.003144      0.00  0.0000E+00  307
    17    0.921409   -0.003144      0.00  0.0000E+00  306
    18    0.912002   -0.003144      0.00  0.0000E+00  305
    19    0.902595   -0.003144      0.00  0.0000E+00  304
    20    0.893187   -0.003144      0.60  6.0153E-01  303
    21    0.893103   -0.003239      1.80  1.8061E+00  302
    22    0.892850   -0.003522      3.00  3.0112E+00  301
    23    0.892428   -0.003995      4.20  4.2178E+00  300
    24    0.891837   -0.004657      5.40  5.4282E+00  299
    25    0.891078   -0.005509      0.00  0.0000E+00  298
    26    0.890975   -0.005509      0.00  0.0000E+00  297
    27    0.890505   -0.005509      0.00  0.0000E+00  296
    28    0.888912   -0.005509      0.00  0.0000E+00  295
    29    0.881013   -0.005509      0.00  0.0000E+00  294
    30    0.871480   -0.005509      0.00  0.0000E+00  293
    31    0.861947   -0.005509      0.00  0.0000E+00  292
    32    0.852414   -0.005509      0.00  0.0000E+00  291
    33    0.842881   -0.005509      0.00  0.0000E+00  290
    34    0.833347   -0.005509      0.00  0.0000E+00  289
    35    0.823814   -0.005509      0.00  0.0000E+00  288
    36    0.814281   -0.005509      0.00  0.0000E+00  287
    37    0.804748   -0.005509      0.00  0.0000E+00  286
    38    0.795214   -0.005509      0.00  0.0000E+00  285
    39    0.785681   -0.005509      0.00  0.0000E+00  284
    40    0.776148   -0.005509      0.00  0.0000E+00  283
    41    0.766615   -0.005509      0.00  0.0000E+00  282
    42    0.757081   -0.005509      0.00  0.0000E+00  281
    43    0.747548   -0.005509      1.05  1.0509E+00  280
    44    0.747364   -0.005674      3.13  3.1454E+00  279
    45    0.746810   -0.006167      5.26  5.2949E+00  278
    46    0.745880   -0.006998      7.35  7.4050E+00  277
    47    0.744582   -0.008161      9.47  9.5509E+00  276
    48    0.742912   -0.009660     11.58  1.1707E+01  275
    49    0.740872   -0.011497     13.57  1.3741E+01  274
    50    0.738487   -0.013654     15.67  1.5901E+01  273
    51    0.735740   -0.016150     17.93  1.8252E+01  272
    52    0.732603   -0.019015     10.73  1.0944E+01  271
    53    0.730997   -0.020733     16.41  1.6774E+01  270
    54    0.728544   -0.023366     18.96  1.9436E+01  269
    55    0.725714   -0.026416     20.95  2.1549E+01  268
    56    0.722592   -0.029799     22.95  2.3692E+01  267
    57    0.719178   -0.033517      0.00  0.0000E+00  266
    58    0.719032   -0.033517      0.00  0.0000E+00  265
    59    0.718541   -0.033517     23.43  2.4271E+01  264
    60    0.709415   -0.037327     23.85  2.4803E+01  263
    61    0.700290   -0.041220     24.29  2.5358E+01  262
    62    0.691165   -0.045200     24.74  2.5932E+01  261
    63    0.682040   -0.049271     25.20  2.6525E+01  260
    64    0.672915   -0.053434     25.67  2.7140E+01  259
    65    0.663790   -0.057694     26.16  2.7778E+01  258
    66    0.654665   -0.062054     26.67  2.8440E+01  257
    67    0.645539   -0.066518      0.00  0.0000E+00  256
    68    0.644807   -0.066518      0.00  0.0000E+00  255
    69    0.642395   -0.066518      0.00  0.0000E+00  254
    70    0.637893   -0.066518      0.00  0.0000E+00  253
    71    0.630727   -0.066518      0.00  0.0000E+00  252
    72    0.625399   -0.066518      0.00  0.0000E+00  251
    73    0.620072   -0.066518      2.77  2.9582E+00  250
    74    0.619069   -0.066982     10.37  1.1094E+01  249
    75    0.615328   -0.068724     22.08  2.3690E+01  248
    76    0.607467   -0.072442     26.90  2.8982E+01  247
    77    0.598082   -0.076991     27.50  2.9768E+01  246
    78    0.588696   -0.081664     28.12  3.0588E+01  245
    79    0.579310   -0.086465      0.22  2.4137E-01  244
    80    0.579238   -0.086503      0.66  7.2051E-01  243
    81    0.579019   -0.086616      1.10  1.2035E+00  242
    82    0.578656   -0.086805      1.55  1.6871E+00  241
    83    0.578147   -0.087069      1.99  2.1729E+00  240
    84    0.577492   -0.087410      0.22  2.3914E-01  239
    85    0.577420   -0.087448      0.95  1.0366E+00  238
    86    0.577108   -0.087611      2.87  3.1332E+00  237
    87    0.576167   -0.088103     10.77  1.1771E+01  236
    88    0.572655   -0.089950     27.09  2.9706E+01  235
    89    0.563953   -0.094613     27.67  3.0491E+01  234
    90    0.555250   -0.099399     28.28  3.1311E+01  233
    91    0.546547   -0.104313     28.91  3.2168E+01  232
    92    0.537845   -0.109362      0.00  0.0000E+00  231
    93    0.537174   -0.109362      0.00  0.0000E+00  230
    94    0.534977   -0.109362      0.00  0.0000E+00  229
    95    0.530911   -0.109362      0.00  0.0000E+00  228
    96    0.524538   -0.109362      0.00  0.0000E+00  227
    97    0.515300   -0.109362      0.00  0.0000E+00  226
    98    0.515252   -0.109362      0.00  0.0000E+00  225
    99    0.515106   -0.109362      0.00  0.0000E+00  224
   100    0.514862   -0.109362      0.00  0.0000E+00  223
   101    0.514521   -0.109362      0.00  0.0000E+00  222
   102    0.514083   -0.109362      0.00  0.0000E+00  221
   103    0.514019   -0.109362      0.00  0.0000E+00  220
   104    0.513716   -0.109362      0.00  0.0000E+00  219
   105    0.512626   -0.109362      0.00  0.0000E+00  218
   106    0.506204   -0.109362      2.49  2.7800E+00  217
   107    0.505436   -0.109799      8.82  9.8536E+00  216
   108    0.502723   -0.111345     17.86  1.9999E+01  215
   109    0.497292   -0.114484     28.80  3.2374E+01  214
   110    0.488711   -0.119566     20.83  2.3515E+01  213
   111    0.482635   -0.123257     21.20  2.4029E+01  212
   112    0.476559   -0.127028      3.99  4.5277E+00  211
   113    0.475981   -0.127739     10.93  1.2432E+01  210
   114    0.474409   -0.129690     16.77  1.9122E+01  209
   115    0.472013   -0.132692     21.21  2.4264E+01  208
   116    0.469011   -0.136500     24.95  2.8668E+01  207
   117    0.465517   -0.141000     28.35  3.2729E+01  206
   118    0.461597   -0.146137     31.91  3.7044E+01  205
   119    0.457245   -0.151952     33.58  3.9216E+01  204
   120    0.452732   -0.158107     36.49  4.2889E+01  203
   121    0.447902   -0.164839     39.57  4.6834E+01  202
   122    0.442751   -0.172190     40.58  4.8386E+01  201
   123    0.437555   -0.179785     42.09  5.0578E+01  200
   124    0.432254   -0.187724     43.98  5.3280E+01  199
   125    0.426807   -0.196086     45.76  5.5923E+01  198
   126    0.421234   -0.204864     46.93  5.7859E+01  197
   127    0.415615   -0.213946      0.51  6.3445E-01  196
   128    0.415554   -0.214045      1.54  1.9058E+00  195
   129    0.415371   -0.214344      2.57  3.1805E+00  194
   130    0.415067   -0.214844      3.59  4.4559E+00  193
   131    0.414641   -0.215543      4.63  5.7445E+00  192
   132    0.414093   -0.216445      5.67  7.0407E+00  191
   133    0.413424   -0.217550      6.71  8.3491E+00  190
   134    0.412633   -0.218860      7.76  9.6696E+00  189
   135    0.411720   -0.220378      8.82  1.1007E+01  188
   136    0.410685   -0.222106      9.89  1.2365E+01  187
   137    0.409529   -0.224047      1.02  1.2810E+00  186
   138    0.409410   -0.224248      4.66  5.8400E+00  185
   139    0.408866   -0.225164     33.24  4.1771E+01  184
   140    0.405016   -0.231721     59.32  7.5229E+01  183
   141    0.398246   -0.243529     60.41  7.7543E+01  182
   142    0.391475   -0.255700     55.11  7.1570E+01  181
   143    0.385402   -0.266934     56.43  7.4121E+01  180
   144    0.379278   -0.278568     56.81  7.5510E+01  179
   145    0.373203   -0.290420     58.16  7.8244E+01  178
   146    0.367070   -0.302701     59.90  8.1599E+01  177
   147    0.360840   -0.315509     61.47  8.4833E+01  176
   148    0.354531   -0.328825     62.98  8.8107E+01  175
   149    0.348148   -0.342654      5.65  7.9702E+00  174
   150    0.347579   -0.343905     19.12  2.7020E+01  173
   151    0.345659   -0.348146     36.96  5.2571E+01  172
   152    0.341965   -0.356398     61.50  8.8449E+01  171
   153    0.335872   -0.370281      4.31  6.2420E+00  170
   154    0.335448   -0.371260     15.27  2.2169E+01  169
   155    0.333946   -0.374740     30.43  4.4421E+01  168
   156    0.330964   -0.381712     47.86  7.0496E+01  167
   157    0.326301   -0.392778     65.56  9.7844E+01  166
   158    0.319967   -0.408135     77.84  1.1816E+02  165
   159    0.312518   -0.426681     87.83  1.3602E+02  164
   160    0.304197   -0.448031     95.00  1.5045E+02  163
   161    0.295287   -0.471646      3.26  5.2220E+00  162
   162    0.294983   -0.472466     10.70  1.7182E+01  161
   163    0.293985   -0.475162     19.84  3.1992E+01  160
   164    0.292137   -0.480184     31.24  5.0695E+01  159
   165    0.289234   -0.488141     45.57  7.4690E+01  158
   166    0.285014   -0.499865     63.72  1.0592E+02  157
   167    0.279140   -0.516490      1.89  3.1686E+00  156
   168    0.278966   -0.516987      6.11  1.0263E+01  155
   169    0.278404   -0.518598     11.08  1.8634E+01  154
   170    0.277387   -0.521523     16.86  2.8462E+01  153
   171    0.275840   -0.525990     23.46  3.9817E+01  152
   172    0.273690   -0.532240     29.12  4.9775E+01  151
   173    0.271028   -0.540053     36.92  6.3683E+01  150
   174    0.267659   -0.550049     15.93  2.7664E+01  149
   175    0.266208   -0.554391     28.64  5.0052E+01  148
   176    0.263604   -0.562247     19.03  3.3481E+01  147
   177    0.262052   -0.567502     36.62  6.4919E+01  146
   178    0.259072   -0.577692     44.36  7.9534E+01  145
   179    0.255471   -0.590176     49.00  8.9028E+01  144
   180    0.251506   -0.604150      0.00  0.0000E+00  143
   181    0.251466   -0.604150      0.00  0.0000E+00  142
   182    0.251343   -0.604150      0.00  0.0000E+00  141
   183    0.251133   -0.604150      0.00  0.0000E+00  140
   184    0.250831   -0.604150      0.00  0.0000E+00  139
   185    0.250434   -0.604150      0.00  0.0000E+00  138
   186    0.249936   -0.604150      0.00  0.0000E+00  137
   187    0.249332   -0.604150      0.00  0.0000E+00  136
   188    0.248617   -0.604150      0.00  0.0000E+00  135
   189    0.247787   -0.604150      0.00  0.0000E+00  134
   190    0.246834   -0.604150      0.00  0.0000E+00  133
   191    0.245754   -0.604150      0.00  0.0000E+00  132
   192    0.244541   -0.604150      0.00  0.0000E+00  131
   193    0.243188   -0.604150      0.00  0.0000E+00  130
   194    0.241691   -0.604150      0.00  0.0000E+00  129
   195    0.240041   -0.604150      0.00  0.0000E+00  128
   196    0.238234   -0.604150      0.00  0.0000E+00  127
   197    0.236263   -0.604150      0.00  0.0000E+00  126
   198    0.234120   -0.604150      0.00  0.0000E+00  125
   199    0.231790   -0.604150      0.00  0.0000E+00  124
   200    0.229295   -0.604150      0.76  1.3849E+00  123
   201    0.229207   -0.604367      2.52  4.6226E+00  122
   202    0.228915   -0.605093      4.77  8.7424E+00  121
   203    0.228362   -0.606465      7.72  1.4169E+01  120
   204    0.227473   -0.608689     11.71  2.1562E+01  119
   205    0.226130   -0.612073     17.31  3.1996E+01  118
   206    0.224164   -0.617095     22.50  4.1841E+01  117
   207    0.221637   -0.623663     32.84  6.1567E+01  116
   208    0.218008   -0.633326     39.47  7.4787E+01  115
   209    0.213737   -0.645065     47.62  9.1431E+01  114
   210    0.208708   -0.659416     55.20  1.0764E+02  113
   211    0.203042   -0.676312     59.84  1.1878E+02  112
   212    0.197088   -0.694956     59.49  1.2032E+02  111
   213    0.191351   -0.713843     62.70  1.2933E+02  110
   214    0.185489   -0.734142     64.63  1.3612E+02  109
   215    0.179634   -0.755508     64.70  1.3923E+02  108
   216    0.173952   -0.777362     60.51  1.3304E+02  107
   217    0.168790   -0.798244     62.68  1.4080E+02  106
   218    0.163589   -0.820345     62.83  1.4434E+02  105
   219    0.158516   -0.843000     62.65  1.4725E+02  104
   220    0.153590   -0.866113     58.97  1.4178E+02  103
   221    0.149068   -0.888367     59.61  1.4660E+02  102
   222    0.144603   -0.911377     59.81  1.5057E+02  101
   223    0.140224   -0.935011      5.33  1.3589E+01  100
   224    0.139838   -0.937144     13.19  3.3754E+01   99
   225    0.138888   -0.942442     18.52  4.7710E+01   98
   226    0.137561   -0.949930     22.57  5.8627E+01   97
   227    0.135955   -0.959132     25.87  6.7861E+01   96
   228    0.134132   -0.969784      0.27  7.2189E-01   95
   229    0.134113   -0.969897      0.86  2.2693E+00   94
   230    0.134052   -0.970253      1.52  4.0010E+00   93
   231    0.133946   -0.970881      2.25  5.9456E+00   92
   232    0.133788   -0.971815      3.08  8.1360E+00   91
   233    0.133573   -0.973092      4.03  1.0661E+01   90
   234    0.133291   -0.974765      5.10  1.3534E+01   89
   235    0.132935   -0.976889      6.33  1.6828E+01   88
   236    0.132494   -0.979531      7.78  2.0754E+01   87
   237    0.131953   -0.982788      9.44  2.5283E+01   86
   238    0.131299   -0.986757     12.35  3.3213E+01   85
   239    0.130446   -0.991970     14.54  3.9327E+01   84
   240    0.129447   -0.998143     17.62  4.7994E+01   83
   241    0.128243   -1.005676     23.47  6.4491E+01   82
   242    0.126650   -1.015799     28.63  7.9561E+01   81
   243    0.124723   -1.028287     40.62  1.1461E+02   80
   244    0.122020   -1.046276     59.91  1.7288E+02   79
   245    0.118097   -1.073411     66.11  1.9640E+02   78
   246    0.113850   -1.104237     67.42  2.0672E+02   77
   247    0.109604   -1.136684     68.72  2.1784E+02   76
   248    0.105357   -1.170876     70.53  2.3159E+02   75
   249    0.101079   -1.207227     71.81  2.4479E+02   74
   250    0.096801   -1.245649     73.07  2.5912E+02   73
   251    0.092523   -1.286321     74.29  2.7474E+02   72
   252    0.088244   -1.329444     64.63  2.4902E+02   71
   253    0.084577   -1.368531     65.47  2.6260E+02   70
   254    0.080910   -1.409749     66.28  2.7736E+02   69
   255    0.077243   -1.453284     67.05  2.9346E+02   68
   256    0.073576   -1.499346     68.89  3.1627E+02   67
   257    0.069850   -1.548988     68.86  3.3265E+02   66
   258    0.066163   -1.601201     67.64  3.4457E+02   65
   259    0.062575   -1.655285      0.00  0.0000E+00   64
   260    0.062568   -1.655285      0.00  0.0000E+00   63
   261    0.062544   -1.655285      0.00  0.0000E+00   62
   262    0.062503   -1.655285      0.00  0.0000E+00   61
   263    0.062447   -1.655285      0.00  0.0000E+00   60
   264    0.062374   -1.655285      0.00  0.0000E+00   59
   265    0.062285   -1.655285      0.00  0.0000E+00   58
   266    0.062179   -1.655285      0.00  0.0000E+00   57
   267    0.062056   -1.655285      0.00  0.0000E+00   56
   268    0.061916   -1.655285      0.00  0.0000E+00   55
   269    0.061759   -1.655285      0.00  0.0000E+00   54
   270    0.061585   -1.655285      0.00  0.0000E+00   53
   271    0.061393   -1.655285      0.00  0.0000E+00   52
   272    0.061183   -1.655285      0.00  0.0000E+00   51
   273    0.060957   -1.655285      0.00  0.0000E+00   50
   274    0.060713   -1.655285      0.00  0.0000E+00   49
   275    0.060451   -1.655285      0.00  0.0000E+00   48
   276    0.060171   -1.655285      0.00  0.0000E+00   47
   277    0.059874   -1.655285      0.00  0.0000E+00   46
   278    0.059559   -1.655285      0.00  0.0000E+00   45
   279    0.059226   -1.655285      0.00  0.0000E+00   44
   280    0.058874   -1.655285      0.00  0.0000E+00   43
   281    0.058505   -1.655285      0.16  8.3467E-01   42
   282    0.058497   -1.655416      0.51  2.6445E+00   41
   283    0.058472   -1.655832      0.90  4.6898E+00   40
   284    0.058428   -1.656568      1.35  7.0617E+00   39
   285    0.058362   -1.657676      1.86  9.7677E+00   38
   286    0.058270   -1.659209      2.46  1.2941E+01   37
   287    0.058149   -1.661240      3.16  1.6665E+01   36
   288    0.057993   -1.663856      3.98  2.1061E+01   35
   289    0.057796   -1.667162      4.96  2.6309E+01   34
   290    0.057552   -1.671292      6.11  3.2585E+01   33
   291    0.057250   -1.676406      7.46  4.0022E+01   32
   292    0.056882   -1.682688      9.08  4.9020E+01   31
   293    0.056435   -1.690382     10.86  5.9171E+01   30
   294    0.055901   -1.699670     12.94  7.1230E+01   29
   295    0.055264   -1.710850     15.45  8.6095E+01   28
   296    0.054504   -1.724364     18.32  1.0360E+02   27
   297    0.053605   -1.740624     20.69  1.1908E+02   26
   298    0.052590   -1.759316     24.22  1.4226E+02   25
   299    0.051404   -1.781645     26.76  1.6094E+02   24
   300    0.050096   -1.806906     30.32  1.8743E+02   23
   301    0.048616   -1.836324     32.95  2.1015E+02   22
   302    0.047010   -1.869310     35.60  2.3514E+02   21
   303    0.045278   -1.906218     38.45  2.6411E+02   20
   304    0.043411   -1.947673     40.79  2.9262E+02   19
   305    0.041435   -1.993603     42.61  3.2080E+02   18
   306    0.039374   -2.043956     44.67  3.5458E+02   17
   307    0.037218   -2.099611     45.93  3.8643E+02   16
   308    0.035006   -2.160265     47.62  4.2702E+02   15
   309    0.032716   -2.227291     48.76  4.6906E+02   14
   310    0.030376   -2.300916     49.91  5.1888E+02   13
   311    0.027985   -2.382360     51.02  5.7796E+02   12
   312    0.025544   -2.473077     51.58  6.4304E+02   11
   313    0.023081   -2.574010     52.32  7.2621E+02   10
   314    0.020585   -2.687996     52.96  8.3053E+02    9
   315    0.018062   -2.818357     53.46  9.6502E+02    8
   316    0.015518   -2.969829     53.88  1.1475E+03    7
   317    0.012956   -3.149947     54.22  1.4103E+03    6
   318    0.010381   -3.371316     54.49  1.8247E+03    5
   319    0.007794   -3.657719     54.69  2.5785E+03    4
   320    0.005199   -4.062448     54.81  4.4159E+03    3
   321    0.002600   -4.755570     54.81  6.3710E+09    2
   322    0.000000************                          1

    42   64   95  156  162  170  174  196  221  226  239  244

     1  tPKPdf  
     2  rPKiKP  
     3  tPKPab  
     4  tP      
     5  rPd660P 
     6  tP      
     7  rPd410P 
     8  tPn     
     9  rPmP    
    10  tPb     
    11  rPd20P  
    12  tPg     

    42   64  123  143  217  231  250  256  264  266  280  298  303  317  322

     1  tSKSdf  
     2  rSKiKS  
     3  tSKSab  
     4  rScS    
     5  tS      
     6  rSd660S 
     7  tS      
     8  rSd410S 
     9  tS      
    10  rSd210S 
    11  tSn     
    12  rSmS    
    13  tSb     
    14  rSd20S  
    15  tSg     

n1 kb  322  244  322
reclength for dasign:  5164

zmax zoc zic  -0.13418181240559  -0.60414958000183   -1.6552854776382

lev1  2  243  1   0.579238   -1.25476E-04
lev1  3  242  1   0.579019   -5.02295E-04
lev1  4  241  1   0.578656   -1.13086E-03
lev1  5  240  1   0.578147   -2.01105E-03
lev1  6  239  1   0.577492   -3.14414E-03
lev1  8  225  1   0.515252   -3.23873E-03
lev1  9  224  1   0.515106   -3.52203E-03
lev1  10  223  1   0.514862   -3.99456E-03
lev1  11  222  1   0.514521   -4.65689E-03
lev1  12  221  1   0.514083   -5.50873E-03
lev1  14  195  1   0.415554   -5.64275E-03
lev1  15  194  1   0.415371   -6.04504E-03
lev1  16  193  1   0.415067   -6.71574E-03
lev1  17  192  1   0.414641   -7.65546E-03
lev1  18  191  1   0.414093   -8.86538E-03
lev1  19  190  1   0.413424   -1.03466E-02
lev1  20  189  1   0.412633   -1.21004E-02
lev1  21  188  1   0.411720   -1.41285E-02
lev1  22  187  1   0.410685   -1.64331E-02
lev1  23  186  1   0.409529   -1.90154E-02
lev1  24  185  1   0.409410   -1.91076E-02
lev1  25  184  1   0.408866   -1.95288E-02
lev1  26  183  1   0.405016   -2.25389E-02
lev1  27  182  1   0.398246   -2.79499E-02
lev1  28  181  1   0.391475   -3.35181E-02
lev1  29  180  1   0.385402   -3.77569E-02
lev1  30  179  1   0.379278   -4.21498E-02
lev1  31  178  1   0.373203   -4.66306E-02
lev1  32  177  1   0.367070   -5.12827E-02
lev1  33  176  1   0.360840   -5.61475E-02
lev1  34  175  1   0.354531   -6.12230E-02
lev1  35  174  1   0.348148   -6.65181E-02
lev1  37  169  1   0.335448   -6.69217E-02
lev1  38  168  1   0.333946   -6.83540E-02
lev1  39  167  1   0.330964   -7.12314E-02
lev1  40  166  1   0.326301   -7.58174E-02
lev1  41  165  1   0.319967   -8.22265E-02
lev1  42  164  1   0.312518   -9.00398E-02
lev1  43  163  1   0.304197   -9.91435E-02
lev1  44  162  1   0.295287  -0.109362
lev1  46  155  1   0.278966  -0.109622
lev1  47  154  1   0.278404  -0.110460
lev1  48  153  1   0.277387  -0.111986
lev1  49  152  1   0.275840  -0.114321
lev1  50  151  1   0.273690  -0.117602
lev1  51  150  1   0.271028  -0.121722
lev1  52  149  1   0.267659  -0.127028
lev1  53  148  1   0.266208  -0.129873
lev1  54  147  1   0.263604  -0.135069
lev2  55  95  1   0.135955  -0.604150
lvz   1  95  1    1.00962E-01   0.858614
lev2  56  64  1    6.25675E-02   -1.65529
lev3  57  1  1  0.  -1000000.

i zmax plim zm(i,1) =  54  -0.13418181240559   0.263604  -0.13506908714771
i plim zlim =  176   0.263604  -0.562247
lev1  2  321  2   0.999874   -1.25595E-04
lev1  3  320  2   0.999498   -5.02474E-04
lev1  4  319  2   0.998870   -1.13080E-03
lev1  5  318  2   0.997991   -2.01105E-03
lev1  6  317  2   0.996861   -3.14414E-03
lev1  8  302  2   0.893103   -3.23855E-03
lev1  9  301  2   0.892850   -3.52203E-03
lev1  10  300  2   0.892428   -3.99468E-03
lev1  11  299  2   0.891837   -4.65671E-03
lev1  12  298  2   0.891078   -5.50873E-03
lev1  14  279  2   0.747364   -5.67368E-03
lev1  15  278  2   0.746810   -6.16738E-03
lev1  16  277  2   0.745880   -6.99847E-03
lev1  17  276  2   0.744582   -8.16078E-03
lev1  18  275  2   0.742912   -9.65990E-03
lev1  19  274  2   0.740872   -1.14974E-02
lev1  20  273  2   0.738487   -1.36542E-02
lev1  21  272  2   0.735740   -1.61501E-02
lev1  22  271  2   0.732603   -1.90149E-02
lev1  23  270  2   0.730997   -2.07327E-02
lev1  24  269  2   0.728544   -2.33655E-02
lev1  25  268  2   0.725714   -2.64162E-02
lev1  26  267  2   0.722592   -2.97986E-02
lev1  27  266  2   0.719178   -3.35173E-02
lev1  29  263  2   0.709415   -3.73270E-02
lev1  30  262  2   0.700290   -4.12201E-02
lev1  31  261  2   0.691165   -4.52002E-02
lev1  32  260  2   0.682040   -4.92706E-02
lev1  33  259  2   0.672915   -5.34341E-02
lev1  34  258  2   0.663790   -5.76941E-02
lev1  35  257  2   0.654665   -6.20542E-02
lev1  36  256  2   0.645539   -6.65181E-02
lev1  38  249  2   0.619069   -6.69825E-02
lev1  39  248  2   0.615328   -6.87238E-02
lev1  40  247  2   0.607467   -7.24423E-02
lev1  41  246  2   0.598082   -7.69913E-02
lev1  42  245  2   0.588696   -8.16637E-02
lev1  43  244  2   0.579310   -8.64647E-02
lev1  44  243  2   0.579238   -8.65026E-02
lev1  45  242  2   0.579019   -8.66157E-02
lev1  46  241  2   0.578656   -8.68046E-02
lev1  47  240  2   0.578147   -8.70694E-02
lev1  48  239  2   0.577492   -8.74105E-02
lev1  49  238  2   0.577420   -8.74480E-02
lev1  50  237  2   0.577108   -8.76107E-02
lev1  51  236  2   0.576167   -8.81025E-02
lev1  52  235  2   0.572655   -8.99500E-02
lev1  53  234  2   0.563953   -9.46127E-02
lev1  54  233  2   0.555250   -9.93985E-02
lev1  55  232  2   0.546547   -1.04313E-01
lev1  56  231  2   0.537845  -0.109362
lev1  58  216  2   0.505436  -0.109799
lev1  59  215  2   0.502723  -0.111345
lev1  60  214  2   0.497292  -0.114484
lev1  61  213  2   0.488711  -0.119566
lev1  62  212  2   0.482635  -0.123257
lev1  63  211  2   0.476559  -0.127028
lev1  64  210  2   0.475981  -0.127739
lev1  65  209  2   0.474409  -0.129690
lev1  66  208  2   0.472013  -0.132692
lev1  67  207  2   0.469011  -0.136500
lev2  129  143  2   0.251466  -0.604150
lev2  130  64  2    6.25675E-02   -1.65529
lev3  131  1  2  0.  -1000000.

