
   140   69   6371.00
    1   6371.00    5.8000    3.3600
    2   6351.00    5.8000    3.3600
    3   6351.00    6.5000    3.7500
    4   6336.00    6.5000    3.7500
    5   6336.00    8.0400    4.4700
    6   6293.50    8.0450    4.4850
    7   6251.00    8.0500    4.5000
    8   6251.00    8.0500    4.5000
    9   6206.00    8.1750    4.5090
   10   6161.00    8.3000    4.5180
   11   6161.00    8.3000    4.5220
   12   6111.00    8.4825    4.6090
   13   6061.00    8.6650    4.6960
   14   6011.00    8.8475    4.7830
   15   5961.00    9.0300    4.8700
   16   5961.00    9.3600    5.0700
   17   5911.00    9.5280    5.1760
   18   5861.00    9.6960    5.2820
   19   5811.00    9.8640    5.3880
   20   5761.00   10.0320    5.4940
   21   5711.00   10.2000    5.6000
   22   5711.00   10.7900    5.9500
   23   5661.00   10.9229    6.0797
   24   5611.00   11.0558    6.2095
   25   5611.00   11.0558    6.2095
   26   5561.50   11.1440    6.2474
   27   5512.00   11.2300    6.2841
   28   5462.50   11.3140    6.3199
   29   5413.00   11.3960    6.3546
   30   5363.50   11.4761    6.3883
   31   5314.00   11.5543    6.4211
   32   5264.50   11.6308    6.4530
   33   5215.00   11.7055    6.4841
   34   5165.50   11.7787    6.5143
   35   5116.00   11.8504    6.5438
   36   5066.50   11.9205    6.5725
   37   5017.00   11.9893    6.6006
   38   4967.50   12.0568    6.6280
   39   4918.00   12.1231    6.6547
   40   4868.50   12.1881    6.6809
   41   4819.00   12.2521    6.7066
   42   4769.50   12.3151    6.7317
   43   4720.00   12.3772    6.7564
   44   4670.50   12.4383    6.7807
   45   4621.00   12.4987    6.8046
   46   4571.50   12.5584    6.8282
   47   4522.00   12.6174    6.8514
   48   4472.50   12.6759    6.8745
   49   4423.00   12.7339    6.8972
   50   4373.50   12.7915    6.9199
   51   4324.00   12.8487    6.9423
   52   4274.50   12.9057    6.9647
   53   4225.00   12.9625    6.9870
   54   4175.50   13.0192    7.0093
   55   4126.00   13.0758    7.0316
   56   4076.50   13.1325    7.0540
   57   4027.00   13.1892    7.0765
   58   3977.50   13.2462    7.0991
   59   3928.00   13.3034    7.1218
   60   3878.50   13.3610    7.1449
   61   3829.00   13.4189    7.1681
   62   3779.50   13.4774    7.1917
   63   3730.00   13.5364    7.2156
   64   3680.50   13.5961    7.2398
   65   3631.00   13.6564    7.2645
   66   3631.00   13.6564    7.2645
   67   3581.33   13.6679    7.2768
   68   3531.67   13.6793    7.2892
   69   3482.00   13.6908    7.3015
   70   3482.00    8.0088    8.0088
   71   3431.67    8.0963    8.0963
   72   3381.34    8.1821    8.1821
   73   3331.01    8.2662    8.2662
   74   3280.68    8.3486    8.3486
   75   3230.34    8.4293    8.4293
   76   3180.01    8.5083    8.5083
   77   3129.68    8.5856    8.5856
   78   3079.35    8.6611    8.6611
   79   3029.02    8.7350    8.7350
   80   2978.69    8.8072    8.8072
   81   2928.36    8.8776    8.8776
   82   2878.03    8.9464    8.9464
   83   2827.70    9.0134    9.0134
   84   2777.36    9.0787    9.0787
   85   2727.03    9.1424    9.1424
   86   2676.70    9.2043    9.2043
   87   2626.37    9.2645    9.2645
   88   2576.04    9.3230    9.3230
   89   2525.71    9.3798    9.3798
   90   2475.38    9.4349    9.4349
   91   2425.05    9.4883    9.4883
   92   2374.72    9.5400    9.5400
   93   2324.38    9.5900    9.5900
   94   2274.05    9.6382    9.6382
   95   2223.72    9.6848    9.6848
   96   2173.39    9.7297    9.7297
   97   2123.06    9.7728    9.7728
   98   2072.73    9.8143    9.8143
   99   2022.40    9.8540    9.8540
  100   1972.07    9.8920    9.8920
  101   1921.74    9.9284    9.9284
  102   1871.40    9.9630    9.9630
  103   1821.07    9.9959    9.9959
  104   1770.74   10.0271   10.0271
  105   1720.41   10.0566   10.0566
  106   1670.08   10.0844   10.0844
  107   1619.75   10.1105   10.1105
  108   1569.42   10.1349   10.1349
  109   1519.09   10.1576   10.1576
  110   1468.76   10.1785   10.1785
  111   1418.42   10.1978   10.1978
  112   1368.09   10.2154   10.2154
  113   1317.76   10.2312   10.2312
  114   1267.43   10.2454   10.2454
  115   1217.10   10.2578   10.2578
  116   1217.10   10.9714   10.9714
  117   1166.39   10.9836   10.9836
  118   1115.68   10.9953   10.9953
  119   1064.96   11.0065   11.0065
  120   1014.25   11.0171   11.0171
  121    963.54   11.0272   11.0272
  122    912.83   11.0368   11.0368
  123    862.11   11.0459   11.0459
  124    811.40   11.0545   11.0545
  125    760.69   11.0625   11.0625
  126    709.98   11.0701   11.0701
  127    659.26   11.0771   11.0771
  128    608.55   11.0836   11.0836
  129    557.84   11.0895   11.0895
  130    507.13   11.0950   11.0950
  131    456.41   11.0999   11.0999
  132    405.70   11.1043   11.1043
  133    354.99   11.1082   11.1082
  134    304.28   11.1116   11.1116
  135    253.56   11.1145   11.1145
  136    202.85   11.1168   11.1168
  137    152.14   11.1186   11.1186
  138    101.43   11.1199   11.1199
  139     50.71   11.1207   11.1207
  140      0.00   11.1209   11.1209

     1   6371.00      0.00    0.579310    1.000000
     2   6351.00    -20.03    0.577492    0.996861
     3   6351.00    -20.03    0.515300    0.893187
     4   6336.00    -35.10    0.514083    0.891078
     5   6336.00    -35.10    0.415615    0.747548
     6   6293.50    -77.98    0.412570    0.740051
     7   6251.00   -121.14    0.409529    0.732603
     8   6251.00   -121.14    0.409529    0.732603
     9   6206.00   -167.17    0.400364    0.725877
    10   6161.00   -213.54    0.391475    0.719178
    11   6161.00   -213.54    0.391475    0.718541
    12   6111.00   -265.45    0.379945    0.699258
    13   6061.00   -317.80    0.368899    0.680688
    14   6011.00   -370.57    0.358309    0.662793
    15   5961.00   -423.79    0.348148    0.645539
    16   5961.00   -423.79    0.335872    0.620072
    17   5911.00   -477.45    0.327183    0.602280
    18   5861.00   -531.57    0.318795    0.585201
    19   5811.00   -586.16    0.310692    0.568794
    20   5761.00   -641.21    0.302860    0.553020
    21   5711.00   -696.75    0.295287    0.537845
    22   5711.00   -696.75    0.279140    0.506204
    23   5661.00   -752.77    0.273330    0.491066
    24   5611.00   -809.29    0.267659    0.476559
    25   5611.00   -809.29    0.267659    0.476559
    26   5561.50   -865.75    0.263198    0.469490
    27   5512.00   -922.70    0.258857    0.462588
    28   5462.50   -980.18    0.254629    0.455843
    29   5413.00  -1038.17    0.250506    0.449244
    30   5363.50  -1096.70    0.246483    0.442785
    31   5314.00  -1155.77    0.242555    0.436458
    32   5264.50  -1215.40    0.238715    0.430254
    33   5215.00  -1275.58    0.234960    0.424167
    34   5165.50  -1336.35    0.231284    0.418190
    35   5116.00  -1397.69    0.227683    0.412318
    36   5066.50  -1459.64    0.224153    0.406543
    37   5017.00  -1522.19    0.220689    0.400861
    38   4967.50  -1585.36    0.217289    0.395266
    39   4918.00  -1649.16    0.213948    0.389754
    40   4868.50  -1713.61    0.210664    0.384318
    41   4819.00  -1778.72    0.207433    0.378956
    42   4769.50  -1844.50    0.204252    0.373661
    43   4720.00  -1910.97    0.201119    0.368432
    44   4670.50  -1978.13    0.198031    0.363262
    45   4621.00  -2046.02    0.194985    0.358150
    46   4571.50  -2114.63    0.191980    0.353090
    47   4522.00  -2183.99    0.189013    0.348081
    48   4472.50  -2254.12    0.186081    0.343118
    49   4423.00  -2325.02    0.183184    0.338199
    50   4373.50  -2396.72    0.180318    0.333322
    51   4324.00  -2469.24    0.177483    0.328482
    52   4274.50  -2542.60    0.174677    0.323679
    53   4225.00  -2616.81    0.171898    0.318909
    54   4175.50  -2691.89    0.169144    0.314170
    55   4126.00  -2767.87    0.166415    0.309461
    56   4076.50  -2844.76    0.163709    0.304779
    57   4027.00  -2922.60    0.161025    0.300122
    58   3977.50  -3001.40    0.158362    0.295489
    59   3928.00  -3081.18    0.155718    0.290878
    60   3878.50  -3161.98    0.153094    0.286287
    61   3829.00  -3243.81    0.150487    0.281717
    62   3779.50  -3326.71    0.147897    0.277164
    63   3730.00  -3410.70    0.145324    0.272628
    64   3680.50  -3495.82    0.142766    0.268108
    65   3631.00  -3582.08    0.140224    0.263604
    66   3631.00  -3582.08    0.140224    0.263604
    67   3581.33  -3669.83    0.138190    0.259558
    68   3531.67  -3758.80    0.136159    0.255525
    69   3482.00  -3849.04    0.134132    0.251506
    70   3482.00  -3849.04    0.229295    0.229295
    71   3431.67  -3941.80    0.223538    0.223538
    72   3381.34  -4035.93    0.217949    0.217949
    73   3331.01  -4131.48    0.212521    0.212521
    74   3280.68  -4228.48    0.207244    0.207244
    75   3230.34  -4326.98    0.202111    0.202111
    76   3180.01  -4427.02    0.197115    0.197115
    77   3129.68  -4528.67    0.192249    0.192249
    78   3079.35  -4631.96    0.187506    0.187506
    79   3029.02  -4736.95    0.182882    0.182882
    80   2978.69  -4843.70    0.178370    0.178370
    81   2928.36  -4952.27    0.173964    0.173964
    82   2878.03  -5062.72    0.169660    0.169660
    83   2827.70  -5175.13    0.165453    0.165453
    84   2777.36  -5289.55    0.161339    0.161339
    85   2727.03  -5406.06    0.157313    0.157313
    86   2676.70  -5524.75    0.153370    0.153370
    87   2626.37  -5645.68    0.149508    0.149508
    88   2576.04  -5768.96    0.145723    0.145723
    89   2525.71  -5894.67    0.142010    0.142010
    90   2475.38  -6022.91    0.138368    0.138368
    91   2425.05  -6153.78    0.134792    0.134792
    92   2374.72  -6287.40    0.131279    0.131279
    93   2324.38  -6423.89    0.127827    0.127827
    94   2274.05  -6563.36    0.124433    0.124433
    95   2223.72  -6705.95    0.121094    0.121094
    96   2173.39  -6851.80    0.117807    0.117807
    97   2123.06  -7001.08    0.114571    0.114571
    98   2072.73  -7153.93    0.111382    0.111382
    99   2022.40  -7310.55    0.108239    0.108239
   100   1972.07  -7471.11    0.105140    0.105140
   101   1921.74  -7635.82    0.102082    0.102082
   102   1871.40  -7804.90    0.099063    0.099063
   103   1821.07  -7978.60    0.096081    0.096081
   104   1770.74  -8157.16    0.093135    0.093135
   105   1720.41  -8340.87    0.090222    0.090222
   106   1670.08  -8530.04    0.087341    0.087341
   107   1619.75  -8724.99    0.084490    0.084490
   108   1569.42  -8926.10    0.081668    0.081668
   109   1519.09  -9133.77    0.078872    0.078872
   110   1468.76  -9348.43    0.076102    0.076102
   111   1418.42  -9570.58    0.073355    0.073355
   112   1368.09  -9800.75    0.070631    0.070631
   113   1317.76 -10039.56    0.067927    0.067927
   114   1267.43 -10287.66    0.065242    0.065242
   115   1217.10 -10545.82    0.062575    0.062575
   116   1217.10 -10545.82    0.058505    0.058505
   117   1166.39 -10816.97    0.056005    0.056005
   118   1115.68 -11100.17    0.053513    0.053513
   119   1064.96 -11396.55    0.051029    0.051029
   120   1014.25 -11707.39    0.048552    0.048552
   121    963.54 -12034.18    0.046082    0.046082
   122    912.83 -12378.64    0.043619    0.043619
   123    862.11 -12742.80    0.041162    0.041162
   124    811.40 -13129.04    0.038710    0.038710
   125    760.69 -13540.21    0.036265    0.036265
   126    709.98 -13979.77    0.033824    0.033824
   127    659.26 -14451.91    0.031388    0.031388
   128    608.55 -14961.86    0.028957    0.028957
   129    557.84 -15516.21    0.026529    0.026529
   130    507.13 -16123.43    0.024106    0.024106
   131    456.41 -16794.68    0.021686    0.021686
   132    405.70 -17545.07    0.019268    0.019268
   133    354.99 -18395.80    0.016854    0.016854
   134    304.28 -19377.89    0.014442    0.014442
   135    253.56 -20539.46    0.012032    0.012032
   136    202.85 -21961.10    0.009623    0.009623
   137    152.14 -23793.91    0.007216    0.007216
   138    101.43 -26377.11    0.004810    0.004810
   139     50.71 -30793.10    0.002405    0.002405
   140      0.00 -99816.16    0.000000    0.000000

 delx =    200.00    200.00
 dpmax -    0.010000    0.010000
 drmax =     75.00     75.00
duplicate critical value eliminated:   0.409529
duplicate critical value eliminated:   0.732603
duplicate critical value eliminated:   0.391475
duplicate critical value eliminated:   0.267659
duplicate critical value eliminated:   0.476559
duplicate critical value eliminated:   0.140224
duplicate critical value eliminated:   0.263604

 critical points
     1    1.000000
     2    0.996861
     3    0.893187
     4    0.891078
     5    0.747548
     6    0.732603
     7    0.719178
     8    0.718541
     9    0.645539
    10    0.620072
    11    0.579310
    12    0.577492
    13    0.537845
    14    0.515300
    15    0.514083
    16    0.506204
    17    0.476559
    18    0.415615
    19    0.409529
    20    0.391475
    21    0.348148
    22    0.335872
    23    0.295287
    24    0.279140
    25    0.267659
    26    0.263604
    27    0.251506
    28    0.229295
    29    0.140224
    30    0.134132
    31    0.062575
    32    0.058505
          i   11    0.579310    0.577492
 first     1  0.579310  0.000000  6371.00
 sol       2  0.579238  0.031694  6370.20    1  0.000073   201.92     0.80
 sol       3  0.579019  0.063387  6367.80    1  0.000218   201.92     2.40
 sol       4  0.578656  0.095084  6363.80    1  0.000364   201.94     4.00
 sol       5  0.578147  0.126797  6358.20    1  0.000509   202.04     5.60
 end       6  0.577492  0.158515  6351.00    1  0.000655   202.08     7.20
          i   12    0.577492    0.537845
 sol       7  0.577420  0.130023  6351.00    2  0.000072  -181.53     0.00
 sol       8  0.577108  0.101521  6351.00    2  0.000312  -181.58     0.00
 sol       9  0.576167  0.072943  6351.00    2  0.000941  -182.07     0.00
 sol      10  0.572655  0.044422  6351.00    2  0.003512  -181.71     0.00
  dpmax   11  0.563953  0.027617  6351.00    2  0.008703  -107.06     0.00
  dpmax   12  0.555250  0.021557  6351.00    2  0.008703   -38.61     0.00
  dpmax   13  0.546547  0.018158  6351.00    2  0.008703   -21.66     0.00
 end      14  0.537845  0.015897  6351.00    2  0.008703   -14.41     0.00
          i   13    0.537845    0.515300
  dpmax   15  0.530330  0.014446  6351.00    2  0.007515    -9.24     0.00
  dpmax   16  0.522815  0.013288  6351.00    2  0.007515    -7.37     0.00
 end      17  0.515300  0.012335  6351.00    2  0.007515    -6.07     0.00
          i   14    0.515300    0.514083
 sol      18  0.515252  0.039806  6350.40    3  0.000049   175.02     0.60
 sol      19  0.515106  0.067300  6348.60    3  0.000146   175.17     1.80
 sol      20  0.514862  0.094768  6345.60    3  0.000243   175.00     3.00
 sol      21  0.514521  0.122234  6341.40    3  0.000341   174.99     4.20
 end      22  0.514083  0.149678  6336.00    3  0.000438   174.84     5.40
          i   15    0.514083    0.506204
 sol      23  0.514019  0.121547  6336.00    4  0.000065  -179.23     0.00
 sol      24  0.513716  0.093395  6336.00    4  0.000303  -179.36     0.00
 sol      25  0.512626  0.065252  6336.00    4  0.001090  -179.30     0.00
 end      26  0.506204  0.037110  6336.00    4  0.006421  -179.29     0.00
          i   16    0.506204    0.476559
  dpmax   27  0.496323  0.027734  6336.00    4  0.009882   -59.73     0.00
  dpmax   28  0.486441  0.023455  6336.00    4  0.009882   -27.26     0.00
 end      29  0.476559  0.020735  6336.00    4  0.009882   -17.33     0.00
          i   17    0.476559    0.415615
  dpmax   30  0.467852  0.018965  6336.00    4  0.008706   -11.28     0.00
  dpmax   31  0.459146  0.017544  6336.00    4  0.008706    -9.05     0.00
  dpmax   32  0.450440  0.016361  6336.00    4  0.008706    -7.54     0.00
  dpmax   33  0.441734  0.015348  6336.00    4  0.008706    -6.46     0.00
  dpmax   34  0.433027  0.014462  6336.00    4  0.008706    -5.64     0.00
  dpmax   35  0.424321  0.013677  6336.00    4  0.008706    -5.00     0.00
 end      36  0.415615  0.012971  6336.00    4  0.008706    -4.50     0.00
          i   18    0.415615    0.409529
 sol      37  0.415554  0.044320  6335.15    5  0.000061   199.72     0.85
 sol      38  0.415371  0.075617  6332.60    5  0.000183   199.39     2.55
 sol      39  0.415067  0.106937  6328.36    5  0.000304   199.54     4.25
 sol      40  0.414641  0.138245  6322.41    5  0.000426   199.46     5.95
 sol      41  0.414093  0.169559  6314.76    5  0.000548   199.51     7.65
 sol      42  0.413424  0.200876  6305.42    5  0.000669   199.52     9.35
 sol      43  0.412633  0.232200  6294.37    5  0.000791   199.56    11.05
 sol      44  0.411720  0.263583  6281.62    6  0.000913   199.94    12.75
 sol      45  0.410685  0.294940  6267.16    6  0.001035   199.77    14.46
 end      46  0.409529  0.326313  6251.00    6  0.001156   199.88    16.16
          i   19    0.409529    0.391475
          caustic
 sol      47  0.409410  0.300564  6250.42    8  0.000119  -164.05     0.58
 sol      48  0.408866  0.275057  6247.77    8  0.000544  -162.50     2.65
 end      49  0.405016  0.249406  6226.85    8  0.003850  -163.42    20.92
  dpmax   50  0.398246  0.263396  6195.33    9  0.006770    89.13    31.51
 end      51  0.391475  0.285097  6161.00    9  0.006770   138.26    34.33
          i   20    0.391475    0.348148
          caustic
 end      52  0.390272  0.280925  6154.54   11  0.001204   -26.58     6.46
 sol      53  0.373668  0.311781  6082.72   12  0.016604   196.59    71.82
  dpmax   53  0.381847  0.293031  6119.33   11  0.008425    77.13    35.21
 sol      54  0.370067  0.319832  6066.34   12  0.011780   170.75    52.99
  dpmax   54  0.373422  0.312332  6081.60   12  0.008425   122.97    37.72
 sol      55  0.360671  0.342879  6022.24   13  0.012751   194.62    59.36
  dpmax   55  0.364998  0.332727  6042.70   13  0.008425   129.94    38.90
 sol      56  0.356685  0.353058  6003.07   14  0.008313   129.53    39.63
 end      57  0.348148  0.373445  5961.00   14  0.008536   129.89    42.07
          i   21    0.348148    0.335872
 sol      58  0.347579  0.341529  5961.00   15  0.000569  -203.34     0.00
 sol      59  0.345659  0.309588  5961.00   15  0.001920  -203.50     0.00
 sol      60  0.341965  0.277649  5961.00   15  0.003694  -203.48     0.00
 end      61  0.335872  0.245714  5961.00   15  0.006093  -203.46     0.00
          i   22    0.335872    0.295287
 sol      62  0.335448  0.276261  5958.58   16  0.000424   194.62     2.42
 sol      63  0.333946  0.306874  5949.99   16  0.001502   195.03     8.58
 sol      64  0.330964  0.337472  5932.86   16  0.002983   194.94    17.13
 sol      65  0.326301  0.368055  5905.78   17  0.004663   194.85    27.08
 sol      66  0.319967  0.398655  5868.04   17  0.006334   194.95    37.74
 sol      67  0.312518  0.429233  5822.35   18  0.007449   194.81    45.69
 sol      68  0.304197  0.459788  5769.60   19  0.008321   194.67    52.75
 end      69  0.295287  0.490414  5711.00   19  0.008910   195.12    58.60
          i   23    0.295287    0.279140
 sol      70  0.294983  0.460129  5711.00   21  0.000304  -192.95     0.00
 sol      71  0.293985  0.429813  5711.00   21  0.000998  -193.14     0.00
 sol      72  0.292137  0.399502  5711.00   21  0.001848  -193.11     0.00
 sol      73  0.289234  0.369192  5711.00   21  0.002903  -193.10     0.00
 sol      74  0.285014  0.338883  5711.00   21  0.004220  -193.09     0.00
 end      75  0.279140  0.308576  5711.00   21  0.005874  -193.09     0.00
          i   24    0.279140    0.267659
 sol      76  0.278966  0.337305  5709.51   22  0.000174   183.03     1.49
 sol      77  0.278404  0.366090  5704.70   22  0.000562   183.39     4.81
 sol      78  0.277387  0.394852  5695.98   22  0.001018   183.24     8.73
 sol      79  0.275840  0.423604  5682.67   22  0.001547   183.18    13.30
 sol      80  0.273690  0.452376  5664.12   22  0.002149   183.30    18.55
 sol      81  0.271028  0.481123  5640.78   23  0.002663   183.15    23.35
 end      82  0.267659  0.509881  5611.00   23  0.003369   183.22    29.78
          i   25    0.267659    0.263604
 sol      83  0.266208  0.542434  5594.95   25  0.001450   207.39    16.05
 end      84  0.263604  0.574963  5566.02   25  0.002605   207.24    28.93
          i   26    0.263604    0.251506
 sol      85  0.260974  0.604513  5536.19   26  0.002630   188.26    29.83
 sol      86  0.258026  0.634050  5502.30   27  0.002948   188.18    33.89
 sol      87  0.254765  0.663605  5464.11   27  0.003261   188.29    38.19
 end      88  0.251506  0.693170  5425.04   27  0.003259   188.36    39.07
          i   27    0.251506    0.229295
 sol      89  0.248008  0.723545  5382.31   29  0.003498   193.52    42.73
 sol      90  0.244363  0.754245  5336.83   30  0.003645   195.58    45.48
 sol      91  0.240662  0.784762  5289.64   31  0.003701   194.43    47.19
 sol      92  0.236911  0.815246  5240.75   32  0.003751   194.21    48.88
 sol      93  0.233116  0.845775  5190.20   33  0.003795   194.50    50.55
 end      94  0.229295  0.876286  5138.20   33  0.003821   194.39    52.00
          i   28    0.229295    0.140224
 sol      95  0.225346  0.907627  5083.27   35  0.003949   199.67    54.92
 sol      96  0.221405  0.938789  5027.26   36  0.003941   198.53    56.02
 sol      97  0.217440  0.970025  4969.71   37  0.003965   199.00    57.54
 sol      98  0.213578  1.001322  4912.43   39  0.003862   199.40    57.28
 sol      99  0.209660  1.032609  4853.15   40  0.003918   199.33    59.29
 sol     100  0.205719  1.063842  4792.37   41  0.003940   198.99    60.78
 sol     101  0.201752  1.095112  4730.02   42  0.003967   199.22    62.34
 sol     102  0.197840  1.126372  4667.40   44  0.003912   199.15    62.62
 sol     103  0.193930  1.157639  4603.64   45  0.003910   199.20    63.76
 sol     104  0.189977  1.188782  4538.12   46  0.003953   198.42    65.52
 sol     105  0.185992  1.220211  4470.97   48  0.003986   200.23    67.15
 sol     106  0.182059  1.251418  4403.59   49  0.003933   198.82    67.38
 sol     107  0.178037  1.282672  4333.68   50  0.004022   199.11    69.91
 sol     108  0.174050  1.313936  4263.35   52  0.003987   199.19    70.33
 sol     109  0.169973  1.345289  4190.43   53  0.004077   199.75    72.93
 sol     110  0.165913  1.376466  4116.82   55  0.004061   198.63    73.60
 sol     111  0.161772  1.407711  4040.80   56  0.004141   199.06    76.03
  drmax  111  0.162243  1.404241  4049.48   56  0.003670   176.96    67.34
 sol     112  0.157977  1.436196  3970.30   58  0.004266   203.58    79.18
  drmax  112  0.158573  1.431577  3981.43   57  0.003670   174.16    68.05
 sol     113  0.155024  1.458076  3914.93   59  0.003549   168.82    66.50
 sol     114  0.151398  1.484566  3846.33   60  0.003626   168.77    68.61
 sol     115  0.147713  1.511176  3775.97   62  0.003685   169.53    70.35
 sol     116  0.144014  1.537549  3704.67   63  0.003700   168.02    71.30
 end     117  0.140224  1.564036  3631.00   63  0.003790   168.75    73.67
          i   29    0.140224    0.134132
 sol     118  0.139838  1.594709  3621.59   66  0.000385   195.42     9.41
 sol     119  0.138888  1.625377  3598.39   66  0.000950   195.38    23.21
 sol     120  0.137561  1.656038  3565.95   67  0.001327   195.34    32.43
 sol     121  0.135955  1.686703  3526.68   68  0.001605   195.36    39.27
 end     122  0.134132  1.717373  3482.00   68  0.001824   195.40    44.68
          i   30    0.134132    0.062575
          caustic
 sol     123  0.134113  3.056901  2415.34   91  0.000019  8534.13     0.27
 sol     124  0.134052  3.025508  2414.47   91  0.000060  -200.01     0.86
 sol     125  0.133946  2.994088  2412.95   91  0.000106  -200.18     1.52
 sol     126  0.133788  2.962677  2410.70   91  0.000158  -200.12     2.26
 sol     127  0.133573  2.931300  2407.61   91  0.000215  -199.91     3.08
 sol     128  0.133291  2.899859  2403.58   91  0.000282  -200.31     4.03
 sol     129  0.132935  2.868449  2398.48   91  0.000356  -200.12     5.10
 sol     130  0.132494  2.837103  2392.16   91  0.000441  -199.70     6.32
 sol     131  0.131953  2.805678  2384.40   91  0.000541  -200.21     7.76
 sol     132  0.131299  2.774322  2375.00   91  0.000654  -199.77     9.40
 sol     133  0.130446  2.742846  2362.60   92  0.000853  -200.53    12.40
 sol     134  0.129447  2.711422  2348.04   92  0.000999  -200.20    14.56
 sol     135  0.128243  2.680000  2330.46   92  0.001204  -200.19    17.58
 sol     136  0.126650  2.648592  2306.96   93  0.001593  -200.10    23.51
 sol     137  0.124723  2.617063  2278.37   93  0.001927  -200.87    28.59
 sol     138  0.122020  2.585772  2237.71   94  0.002703  -199.35    40.65
 sol     139  0.118097  2.554427  2177.84   95  0.003923  -199.70    59.87
  dpmax  140  0.111727  2.528949  2078.18   97  0.006370  -162.32    99.66
  drmax  140  0.113850  2.535755  2111.71   97  0.004247  -118.96    66.14
  drmax  141  0.109604  2.525911  2044.27   98  0.004247   -62.72    67.44
 end     142  0.105357  2.522956  1975.60   98  0.004247   -18.82    68.67
 sol     143  0.090789  2.554761  1730.22  104  0.014568   202.63   245.38
  dpmax  143  0.096801  2.535884  1833.24  102  0.008556    82.36   142.36
  drmax  143  0.101079  2.527767  1905.04  101  0.004278    30.65    70.56
 sol     144  0.089859  2.558786  1714.09  105  0.011220   197.62   190.95
  dpmax  144  0.091453  2.552750  1741.70  104  0.009626   159.16   163.34
  drmax  144  0.096801  2.535884  1833.24  102  0.004278    51.71    71.80
 sol     145  0.088114  2.565534  1683.60  105  0.008686   188.90   149.64
  drmax  145  0.092523  2.549172  1760.18  104  0.004278    84.66    73.06
 sol     146  0.085649  2.576593  1640.23  106  0.006873   174.70   119.95
  drmax  146  0.088244  2.565074  1685.88  105  0.004278   101.32    74.30
 sol     147  0.081745  2.594819  1570.80  107  0.006499   189.50   115.08
  drmax  147  0.084577  2.580817  1621.29  106  0.003667   100.30    64.59
 sol     148  0.079443  2.607412  1529.37  108  0.005134   169.44    91.92
  drmax  148  0.080910  2.600143  1555.79  108  0.003667   123.12    65.50
 sol     149  0.075757  2.628688  1462.45  110  0.005153   181.86    93.35
  drmax  149  0.077243  2.620028  1489.51  109  0.003667   126.69    66.29
 sol     150  0.072049  2.651265  1394.30  111  0.005195   199.01    95.21
  drmax  150  0.073576  2.641100  1422.48  110  0.003667   134.25    67.03
 sol     151  0.069850  2.665346  1353.57  112  0.003726   154.47    68.91
 sol     152  0.066163  2.689532  1284.71  113  0.003687   154.09    68.86
 end     153  0.062575  2.713805  1217.10  113  0.003588   154.65    67.61
          i   31    0.062575    0.058505
 sol     154  0.062568  2.682904  1217.10  115  0.000008  -196.87     0.00
 sol     155  0.062544  2.652015  1217.10  115  0.000024  -196.80     0.00
 sol     156  0.062503  2.621112  1217.10  115  0.000040  -196.89     0.00
 sol     157  0.062447  2.590211  1217.10  115  0.000056  -196.87     0.00
 sol     158  0.062374  2.559311  1217.10  115  0.000073  -196.87     0.00
 sol     159  0.062285  2.528414  1217.10  115  0.000089  -196.85     0.00
 sol     160  0.062179  2.497513  1217.10  115  0.000106  -196.87     0.00
 sol     161  0.062056  2.466613  1217.10  115  0.000123  -196.86     0.00
 sol     162  0.061916  2.435717  1217.10  115  0.000140  -196.84     0.00
 sol     163  0.061759  2.404817  1217.10  115  0.000157  -196.86     0.00
 sol     164  0.061585  2.373919  1217.10  115  0.000174  -196.85     0.00
 sol     165  0.061393  2.343021  1217.10  115  0.000192  -196.85     0.00
 sol     166  0.061183  2.311975  1217.10  115  0.000210  -197.79     0.00
 sol     167  0.060957  2.281094  1217.10  115  0.000226  -196.74     0.00
 sol     168  0.060713  2.250212  1217.10  115  0.000244  -196.75     0.00
 sol     169  0.060451  2.219329  1217.10  115  0.000262  -196.76     0.00
 sol     170  0.060171  2.188447  1217.10  115  0.000279  -196.75     0.00
 sol     171  0.059874  2.157563  1217.10  115  0.000297  -196.76     0.00
 sol     172  0.059559  2.126681  1217.10  115  0.000315  -196.75     0.00
 sol     173  0.059226  2.095798  1217.10  115  0.000333  -196.76     0.00
 sol     174  0.058874  2.064914  1217.10  115  0.000351  -196.76     0.00
 end     175  0.058505  2.034032  1217.10  115  0.000369  -196.75     0.00
          i   32    0.058505    0.000000
 sol     176  0.058498  2.064792  1216.95  116  0.000008   195.97     0.15
 sol     177  0.058474  2.095492  1216.46  116  0.000024   195.59     0.49
 sol     178  0.058431  2.126281  1215.59  116  0.000043   196.15     0.87
 sol     179  0.058367  2.157065  1214.29  116  0.000064   196.13     1.31
 sol     180  0.058277  2.187837  1212.48  116  0.000089   196.05     1.81
 sol     181  0.058159  2.218614  1210.07  116  0.000119   196.08     2.40
 sol     182  0.058005  2.249387  1206.97  116  0.000153   196.05     3.10
 sol     183  0.057811  2.280156  1203.03  116  0.000194   196.03     3.94
 sol     184  0.057568  2.310913  1198.10  116  0.000243   195.95     4.93
 sol     185  0.057265  2.341685  1191.95  116  0.000303   196.05     6.14
 sol     186  0.056889  2.372551  1184.32  116  0.000376   196.65     7.63
 sol     187  0.056428  2.403217  1174.97  116  0.000461   195.37     9.36
 sol     188  0.055865  2.433977  1163.54  117  0.000563   195.98    11.43
 sol     189  0.055179  2.464751  1149.57  117  0.000687   196.06    13.97
 sol     190  0.054338  2.495513  1132.47  117  0.000840   195.99    17.10
 sol     191  0.053330  2.526277  1111.93  118  0.001008   195.99    20.54
 sol     192  0.052128  2.557047  1087.41  118  0.001202   196.04    24.53
 sol     193  0.050713  2.587816  1058.48  119  0.001416   196.02    28.92
 sol     194  0.049055  2.618725  1024.55  119  0.001657   196.92    33.93
 sol     195  0.047203  2.649344   986.56  120  0.001852   195.07    37.99
 sol     196  0.045117  2.680110   943.68  121  0.002086   196.01    42.88
 sol     197  0.042823  2.710876   896.40  122  0.002295   196.01    47.28
 sol     198  0.040339  2.741676   845.10  123  0.002484   196.23    51.31
 sol     199  0.037698  2.772410   790.41  124  0.002641   195.81    54.69
 sol     200  0.034904  2.803273   732.42  125  0.002794   196.63    57.99
 sol     201  0.032013  2.833891   672.27  126  0.002891   195.07    60.14
 sol     202  0.029003  2.864696   609.53  127  0.003010   196.26    62.75
 sol     203  0.025956  2.895494   545.84  129  0.003047   196.21    63.68
 sol     204  0.022824  2.926225   480.27  130  0.003132   195.79    65.57
 sol     205  0.019639  2.956903   413.48  131  0.003185   195.45    66.79
 sol     206  0.016415  2.987837   345.75  133  0.003225   197.08    67.73
 sol     207  0.013158  3.018641   277.26  134  0.003257   196.26    68.49
 sol     208  0.009892  3.049233   208.52  135  0.003265   194.90    68.74
 sol     209  0.006608  3.080065   139.31  137  0.003285   196.43    69.21
 sol     210  0.003305  3.110831    69.68  138  0.003303   196.01    69.62
 end     211  0.000000  3.141593     0.00  138  0.003305   195.98    69.68
          i    1    1.000000    0.996861
 first     1  1.000000  0.000000  6371.00
 sol       2  0.999874  0.031686  6370.20    1  0.000126   201.87     0.80
 sol       3  0.999498  0.063387  6367.80    1  0.000377   201.97     2.40
 sol       4  0.998870  0.095084  6363.80    1  0.000628   201.94     4.00
 sol       5  0.997991  0.126799  6358.20    1  0.000879   202.05     5.60
 end       6  0.996861  0.158517  6351.00    1  0.001130   202.07     7.20
          i    2    0.996861    0.893187
 sol       7  0.996729  0.129319  6351.00    2  0.000131  -186.02     0.00
 sol       8  0.996156  0.100196  6351.00    2  0.000574  -185.54     0.00
 sol       9  0.994384  0.071048  6351.00    2  0.001772  -185.70     0.00
 sol      10  0.987261  0.041792  6351.00    2  0.007123  -186.39     0.00
  dpmax   11  0.977853  0.030516  6351.00    2  0.009407   -71.84     0.00
  dpmax   12  0.968446  0.025086  6351.00    2  0.009407   -34.59     0.00
  dpmax   13  0.959039  0.021723  6351.00    2  0.009407   -21.43     0.00
  dpmax   14  0.949631  0.019371  6351.00    2  0.009407   -14.98     0.00
  dpmax   15  0.940224  0.017603  6351.00    2  0.009407   -11.27     0.00
  dpmax   16  0.930817  0.016208  6351.00    2  0.009407    -8.89     0.00
  dpmax   17  0.921409  0.015069  6351.00    2  0.009407    -7.26     0.00
  dpmax   18  0.912002  0.014114  6351.00    2  0.009407    -6.08     0.00
  dpmax   19  0.902595  0.013298  6351.00    2  0.009407    -5.20     0.00
 end      20  0.893187  0.012589  6351.00    2  0.009407    -4.52     0.00
          i    3    0.893187    0.891078
 sol      21  0.893103  0.040059  6350.40    3  0.000084   175.01     0.60
 sol      22  0.892850  0.067553  6348.60    3  0.000253   175.16     1.80
 sol      23  0.892428  0.095021  6345.60    3  0.000422   175.00     3.00
 sol      24  0.891837  0.122483  6341.40    3  0.000591   174.96     4.20
 end      25  0.891078  0.149926  6336.00    3  0.000759   174.84     5.40
          i    4    0.891078    0.747548
 sol      26  0.890975  0.122910  6336.00    4  0.000102  -172.12     0.00
 sol      27  0.890505  0.095720  6336.00    4  0.000471  -173.22     0.00
 sol      28  0.888912  0.068590  6336.00    4  0.001593  -172.85     0.00
 sol      29  0.881013  0.041501  6336.00    4  0.007899  -172.58     0.00
  dpmax   30  0.871480  0.032851  6336.00    4  0.009533   -55.11     0.00
  dpmax   31  0.861947  0.028475  6336.00    4  0.009533   -27.88     0.00
  dpmax   32  0.852414  0.025627  6336.00    4  0.009533   -18.14     0.00
  dpmax   33  0.842881  0.023541  6336.00    4  0.009533   -13.29     0.00
  dpmax   34  0.833347  0.021905  6336.00    4  0.009533   -10.43     0.00
  dpmax   35  0.823814  0.020563  6336.00    4  0.009533    -8.55     0.00
  dpmax   36  0.814281  0.019429  6336.00    4  0.009533    -7.23     0.00
  dpmax   37  0.804748  0.018447  6336.00    4  0.009533    -6.26     0.00
  dpmax   38  0.795214  0.017583  6336.00    4  0.009533    -5.50     0.00
  dpmax   39  0.785681  0.016812  6336.00    4  0.009533    -4.91     0.00
  dpmax   40  0.776148  0.016116  6336.00    4  0.009533    -4.43     0.00
  dpmax   41  0.766615  0.015482  6336.00    4  0.009533    -4.04     0.00
  dpmax   42  0.757081  0.014901  6336.00    4  0.009533    -3.70     0.00
 end      43  0.747548  0.014364  6336.00    4  0.009533    -3.42     0.00
          i    5    0.747548    0.732603
 sol      44  0.747364  0.044040  6334.96    5  0.000185   189.07     1.04
 sol      45  0.746810  0.073669  6331.82    5  0.000553   188.77     3.13
 sol      46  0.745880  0.103498  6326.56    5  0.000930   190.04     5.27
 sol      47  0.744582  0.133204  6319.20    5  0.001298   189.25     7.35
 sol      48  0.742912  0.162915  6309.74    5  0.001670   189.29     9.47
 sol      49  0.740872  0.192616  6298.16    5  0.002040   189.22    11.58
 sol      50  0.738487  0.222310  6284.59    6  0.002385   189.18    13.57
 sol      51  0.735740  0.251898  6268.92    6  0.002747   188.51    15.67
 end      52  0.732603  0.281695  6251.00    6  0.003137   189.84    17.92
          i    6    0.732603    0.719178
 sol      53  0.730997  0.310768  6240.26    8  0.001606   185.22    10.74
 sol      54  0.728544  0.339833  6223.85    8  0.002453   185.18    16.41
 sol      55  0.725714  0.368885  6204.91    9  0.002830   185.08    18.95
 sol      56  0.722592  0.397967  6183.94    9  0.003122   185.28    20.96
 end      57  0.719178  0.427035  6161.00    9  0.003413   185.19    22.94
          i    7    0.719178    0.718541
 sol      58  0.719032  0.396555  6161.00   10  0.000146  -194.18     0.00
 end      59  0.718541  0.366100  6161.00   10  0.000491  -194.03     0.00
          i    8    0.718541    0.645539
  dpmax   60  0.709415  0.336724  6137.46   11  0.009125  -187.16    23.54
 sol      61  0.668215  0.367472  6026.25   13  0.041201   195.90   111.21
  dpmax   61  0.700290  0.334218  6113.70   11  0.009125   -15.97    23.76
 sol      62  0.718541  0.366100  6161.00   11 -0.018250   203.12   -47.30
  dpmax   62  0.691165  0.341105  6089.33   12  0.009125    43.88    24.38
 sol      63  0.666344  0.369790  6021.00   13  0.024821   182.75    68.33
  dpmax   63  0.682040  0.349961  6064.67   12  0.009125    56.42    24.65
 sol      64  0.662952  0.373997  6011.45   13  0.019088   153.13    53.22
  dpmax   64  0.672915  0.361650  6039.39   13  0.009125    74.47    25.28
  dpmax   65  0.663790  0.372956  6013.81   13  0.009125    72.03    25.59
  dpmax   66  0.654665  0.386070  5987.56   14  0.009125    83.55    26.25
 end      67  0.645539  0.398167  5961.00   14  0.009125    77.07    26.56
          i    9    0.645539    0.620072
 sol      68  0.644807  0.368954  5961.00   15  0.000732  -186.12     0.00
 sol      69  0.642395  0.339721  5961.00   15  0.002412  -186.24     0.00
 sol      70  0.637893  0.310488  5961.00   15  0.004502  -186.24     0.00
 sol      71  0.630727  0.281258  5961.00   15  0.007166  -186.23     0.00
  dpmax   72  0.625399  0.265275  5961.00   15  0.005328  -101.83     0.00
 end      73  0.620072  0.252028  5961.00   15  0.005328   -84.39     0.00
          i   10    0.620072    0.579310
 sol      74  0.619069  0.282682  5958.21   16  0.001003   195.29     2.79
 sol      75  0.615328  0.313461  5947.77   16  0.003741   196.10    10.44
 sol      76  0.607467  0.344208  5925.69   16  0.007861   195.89    22.08
 sol      77  0.595272  0.374937  5890.61   17  0.012195   195.77    35.08
  dpmax   77  0.598082  0.368784  5898.80   17  0.009386   156.57    26.88
  dpmax   78  0.588696  0.387848  5871.31   17  0.009386   121.46    27.49
 end      79  0.579310  0.405665  5843.16   17  0.009386   113.51    28.15
          i   11    0.579310    0.577492
 end      80  0.577492  0.408816  5837.63   18  0.001819    20.07     5.53
          i   12    0.577492    0.537845
 sol      81  0.558289  0.440713  5777.81   19  0.019203   203.22    59.82
  dpmax   81  0.567580  0.425533  5807.19   19  0.009912   106.50    30.44
 sol      82  0.552882  0.449069  5760.55   20  0.014698   149.95    46.64
  dpmax   82  0.557668  0.441661  5775.83   19  0.009912   102.75    31.35
  dpmax   83  0.547756  0.457809  5743.77   20  0.009912   102.88    32.07
 end      84  0.537845  0.472566  5711.00   20  0.009912    94.01    32.77
          i   13    0.537845    0.515300
 sol      85  0.537174  0.442239  5711.00   21  0.000670  -193.21     0.00
 sol      86  0.534977  0.411894  5711.00   21  0.002198  -193.33     0.00
 sol      87  0.530911  0.381552  5711.00   21  0.004066  -193.31     0.00
 sol      88  0.524538  0.351211  5711.00   21  0.006373  -193.30     0.00
 end      89  0.515300  0.320872  5711.00   21  0.009238  -193.29     0.00
          i   14    0.515300    0.514083
 end      90  0.514083  0.317541  5711.00   21  0.001217   -21.22     0.00
          i   15    0.514083    0.506204
 end      91  0.506204  0.298401  5711.00   22  0.007879  -121.94     0.00
          i   16    0.506204    0.476559
 sol      92  0.505436  0.328646  5708.49   22  0.000769   192.69     2.51
 sol      93  0.502723  0.358974  5699.60   22  0.002713   193.22     8.89
 sol      94  0.497292  0.389281  5681.69   22  0.005431   193.09    17.90
 sol      95  0.488711  0.419574  5652.95   23  0.008581   192.99    28.74
  dpmax   96  0.482635  0.436021  5632.07   23  0.006076   104.79    20.88
 end      97  0.476559  0.449875  5611.00   23  0.006076    88.26    21.07
          i   17    0.476559    0.415615
 sol      98  0.475981  0.480355  5606.97   25  0.000577   194.19     4.03
 sol      99  0.474409  0.510823  5595.98   25  0.001572   194.11    10.99
 sol     100  0.472013  0.541302  5579.20   25  0.002396   194.18    16.78
 sol     101  0.469011  0.571787  5558.07   26  0.003002   194.22    21.13
 sol     102  0.465517  0.602259  5533.04   26  0.003494   194.13    25.03
 sol     103  0.461597  0.632734  5504.74   27  0.003920   194.16    28.30
 sol     104  0.457245  0.663201  5472.81   27  0.004352   194.10    31.93
 sol     105  0.452732  0.693691  5439.19   28  0.004513   194.25    33.62
 sol     106  0.447902  0.724191  5402.74   29  0.004829   194.32    36.46
 sol     107  0.442751  0.754606  5363.23   30  0.005152   193.77    39.51
 sol     108  0.437555  0.785152  5322.60   30  0.005196   194.61    40.63
 sol     109  0.432254  0.815593  5280.49   31  0.005300   193.94    42.11
 sol     110  0.426807  0.846085  5236.50   32  0.005447   194.27    43.98
 sol     111  0.421234  0.876663  5190.74   33  0.005573   194.81    45.76
 end     112  0.415615  0.907020  5143.82   33  0.005620   193.40    46.92
          i   18    0.415615    0.409529
 end     113  0.409529  0.939418  5092.12   35  0.006086   206.40    51.69
          i   19    0.409529    0.391475
 sol     114  0.403568  0.970818  5040.61   36  0.005961   200.05    51.51
 sol     115  0.397546  1.002236  4987.69   37  0.006022   200.16    52.92
 end     116  0.391475  1.033621  4933.48   37  0.006070   199.96    54.21
          i   20    0.391475    0.348148
 sol     117  0.385402  1.064760  4878.39   39  0.006073   198.39    55.10
 sol     118  0.379278  1.095902  4821.99   40  0.006124   198.40    56.40
 sol     119  0.373203  1.127178  4765.17   42  0.006075   199.26    56.82
 sol     120  0.367070  1.158265  4706.98   43  0.006133   198.05    58.19
 sol     121  0.360840  1.189420  4647.07   44  0.006230   198.49    59.91
 sol     122  0.354531  1.220590  4585.62   45  0.006309   198.59    61.46
 end     123  0.348148  1.251742  4522.67   45  0.006383   198.47    62.95
          i   21    0.348148    0.335872
 sol     124  0.342061  1.281845  4461.87   48  0.006088   191.79    60.80
 end     125  0.335872  1.311675  4399.40   48  0.006188   190.05    62.47
          i   22    0.335872    0.295287
 sol     126  0.329361  1.342525  4332.99   50  0.006512   196.55    66.41
 sol     127  0.322758  1.373751  4264.95   52  0.006603   198.94    68.04
 sol     128  0.316072  1.404681  4195.38   53  0.006686   197.06    69.57
 sol     129  0.309271  1.435628  4124.00   55  0.006800   197.16    71.38
 sol     130  0.302359  1.466629  4050.80   56  0.006913   197.51    73.20
  drmax  131  0.295287  1.497616  3975.34   58  0.007072   197.42    75.46
 end     131  0.295287  1.497616  3975.34   58  0.007072   197.42    75.46
          i   23    0.295287    0.279140
 sol     132  0.287314  1.531835  3889.58   59  0.007973   218.01    85.76
  drmax  132  0.289905  1.520850  3917.52   59  0.005382   148.02    57.82
 sol     133  0.284571  1.543447  3859.93   60  0.005333   143.96    57.59
 end     134  0.279140  1.566044  3801.01   60  0.005431   143.97    58.93
          i   24    0.279140    0.267659
 sol     135  0.273428  1.589371  3738.74   62  0.005712   148.62    62.26
 end     136  0.267659  1.612490  3675.57   62  0.005769   147.29    63.18
          i   25    0.267659    0.263604
 end     137  0.263604  1.628483  3631.00   65  0.004055   101.89    44.57
          i   26    0.263604    0.251506
 sol     138  0.262052  1.654362  3611.97   66  0.001551   164.87    19.03
 sol     139  0.259072  1.680208  3575.35   67  0.002981   164.66    36.62
 sol     140  0.255471  1.706037  3531.00   68  0.003601   164.55    44.35
 end     141  0.251506  1.731947  3482.00   68  0.003965   165.07    49.00
          i   27    0.251506    0.229295
 sol     142  0.251466  1.700272  3482.00   69  0.000040  -201.80     0.00
 sol     143  0.251343  1.668582  3482.00   69  0.000123  -201.90     0.00
 sol     144  0.251133  1.636892  3482.00   69  0.000210  -201.90     0.00
 sol     145  0.250831  1.605207  3482.00   69  0.000301  -201.86     0.00
 sol     146  0.250434  1.573520  3482.00   69  0.000397  -201.88     0.00
 sol     147  0.249936  1.541837  3482.00   69  0.000498  -201.86     0.00
 sol     148  0.249332  1.510150  3482.00   69  0.000604  -201.87     0.00
 sol     149  0.248617  1.478464  3482.00   69  0.000715  -201.87     0.00
 sol     150  0.247787  1.446778  3482.00   69  0.000831  -201.87     0.00
 sol     151  0.246834  1.415094  3482.00   69  0.000953  -201.86     0.00
 sol     152  0.245754  1.383408  3482.00   69  0.001080  -201.87     0.00
 sol     153  0.244541  1.351722  3482.00   69  0.001213  -201.87     0.00
 sol     154  0.243188  1.320037  3482.00   69  0.001352  -201.87     0.00
 sol     155  0.241691  1.288351  3482.00   69  0.001498  -201.87     0.00
 sol     156  0.240041  1.256667  3482.00   69  0.001649  -201.86     0.00
 sol     157  0.238234  1.224981  3482.00   69  0.001807  -201.87     0.00
 sol     158  0.236263  1.193296  3482.00   69  0.001972  -201.86     0.00
 sol     159  0.234120  1.161611  3482.00   69  0.002143  -201.87     0.00
 sol     160  0.231790  1.129802  3482.00   69  0.002330  -202.65     0.00
 end     161  0.229295  1.098241  3482.00   69  0.002495  -201.08     0.00
          i   28    0.229295    0.140224
 sol     162  0.229207  1.128844  3481.24   70  0.000088   194.98     0.76
 sol     163  0.228915  1.159609  3478.69   70  0.000293   196.00     2.55
 sol     164  0.228362  1.190340  3473.88   70  0.000552   195.79     4.81
 sol     165  0.227473  1.221058  3466.13   70  0.000890   195.70     7.76
 sol     166  0.226130  1.251761  3454.40   70  0.001342   195.61    11.73
 sol     167  0.224164  1.282481  3437.17   70  0.001967   195.72    17.23
 sol     168  0.221637  1.313166  3414.61   71  0.002527   195.49    22.56
 sol     169  0.218008  1.343866  3381.87   71  0.003629   195.59    32.74
 sol     170  0.213737  1.374716  3342.33   72  0.004271   196.55    39.54
 sol     171  0.208708  1.405193  3294.69   73  0.005029   194.17    47.64
 sol     172  0.203042  1.435925  3239.52   74  0.005666   195.79    55.18
 sol     173  0.197088  1.466740  3179.74   76  0.005954   196.33    59.78
 sol     174  0.191351  1.497410  3120.19   77  0.005737   195.39    59.55
 sol     175  0.185489  1.528005  3057.45   78  0.005862   194.92    62.74
 sol     176  0.179634  1.558794  2992.84   79  0.005855   196.16    64.61
 sol     177  0.173952  1.589523  2928.22   81  0.005682   195.78    64.62
 sol     178  0.168790  1.620171  2867.64   82  0.005162   195.26    60.57
 sol     179  0.163589  1.650909  2804.93   83  0.005201   195.83    62.71
 sol     180  0.158516  1.681603  2742.11   84  0.005073   195.55    62.82
 sol     181  0.153590  1.712278  2679.52   85  0.004926   195.43    62.59
 sol     182  0.149068  1.743075  2620.53   87  0.004522   196.21    58.99
 sol     183  0.144603  1.773737  2560.88   88  0.004465   195.35    59.65
 end     184  0.140224  1.804439  2501.06   88  0.004379   195.60    59.83
          i   29    0.140224    0.134132
 sol     185  0.137152  1.826794  2458.30   90  0.003071   142.42    42.75
 end     186  0.134132  1.849077  2415.61   90  0.003021   141.96    42.69
          i   30    0.134132    0.062575
 sol     187  0.130110  1.879675  2357.70   92  0.004022   194.94    57.91
 sol     188  0.126204  1.910061  2300.35   93  0.003906   193.59    57.35
 sol     189  0.122377  1.940556  2243.10   94  0.003827   194.28    57.26
 sol     190  0.118643  1.971030  2186.21   95  0.003734   194.15    56.89
 sol     191  0.114997  2.001498  2129.71   96  0.003645   194.11    56.50
 sol     192  0.111434  2.031976  2073.55   97  0.003564   194.18    56.16
 sol     193  0.108067  2.062502  2019.61   99  0.003366   194.48    53.93
 sol     194  0.104706  2.093129  1964.94  100  0.003362   195.12    54.68
 sol     195  0.101407  2.123607  1910.51  101  0.003299   194.18    54.43
 sol     196  0.098173  2.153990  1856.41  102  0.003234   193.57    54.10
 sol     197  0.094974  2.184538  1802.19  103  0.003199   194.62    54.22
 sol     198  0.091837  2.214991  1748.33  104  0.003138   194.01    53.85
 sol     199  0.088744  2.245477  1694.61  105  0.003092   194.23    53.72
 sol     200  0.085696  2.275976  1641.05  106  0.003048   194.31    53.56
 sol     201  0.082693  2.306445  1587.71  107  0.003003   194.12    53.34
 sol     202  0.079725  2.336948  1534.45  108  0.002967   194.33    53.25
 sol     203  0.076798  2.367414  1481.41  109  0.002928   194.10    53.05
 sol     204  0.073898  2.397931  1428.38  110  0.002900   194.43    53.03
 sol     205  0.071033  2.428397  1375.54  111  0.002865   194.10    52.84
 sol     206  0.068189  2.458925  1322.65  112  0.002844   194.49    52.89
 sol     207  0.065374  2.489407  1269.90  113  0.002816   194.20    52.75
 end     208  0.062575  2.519920  1217.10  113  0.002798   194.40    52.80
          i   31    0.062575    0.058505
 sol     209  0.062567  2.488308  1217.10  115  0.000008  -201.40     0.00
 sol     210  0.062542  2.456657  1217.10  115  0.000025  -201.65     0.00
 sol     211  0.062500  2.425027  1217.10  115  0.000042  -201.51     0.00
 sol     212  0.062440  2.393399  1217.10  115  0.000060  -201.50     0.00
 sol     213  0.062362  2.361766  1217.10  115  0.000077  -201.53     0.00
 sol     214  0.062267  2.330134  1217.10  115  0.000095  -201.53     0.00
 sol     215  0.062153  2.298504  1217.10  115  0.000114  -201.51     0.00
 sol     216  0.062021  2.266872  1217.10  115  0.000132  -201.53     0.00
 sol     217  0.061870  2.235240  1217.10  115  0.000151  -201.53     0.00
 sol     218  0.061700  2.203610  1217.10  115  0.000170  -201.52     0.00
 sol     219  0.061511  2.171979  1217.10  115  0.000189  -201.52     0.00
 sol     220  0.061302  2.140347  1217.10  115  0.000209  -201.53     0.00
 sol     221  0.061074  2.108717  1217.10  115  0.000229  -201.51     0.00
 sol     222  0.060825  2.077086  1217.10  115  0.000249  -201.52     0.00
 sol     223  0.060557  2.045456  1217.10  115  0.000269  -201.52     0.00
 sol     224  0.060266  2.013668  1217.10  115  0.000291  -202.52     0.00
 sol     225  0.059956  1.982064  1217.10  115  0.000310  -201.35     0.00
 sol     226  0.059625  1.950462  1217.10  115  0.000331  -201.34     0.00
 sol     227  0.059273  1.918863  1217.10  115  0.000352  -201.32     0.00
 sol     228  0.058900  1.887264  1217.10  115  0.000373  -201.31     0.00
 end     229  0.058505  1.855667  1217.10  115  0.000395  -201.31     0.00
          i   32    0.058505    0.000000
 sol     230  0.058497  1.887019  1216.94  116  0.000008   199.74     0.16
 sol     231  0.058472  1.918406  1216.43  116  0.000025   199.97     0.51
 sol     232  0.058428  1.949712  1215.54  116  0.000044   199.45     0.90
 sol     233  0.058362  1.981129  1214.19  116  0.000066   200.15     1.35
 sol     234  0.058270  2.012479  1212.33  116  0.000092   199.73     1.86
 sol     235  0.058149  2.043848  1209.87  116  0.000121   199.85     2.46
 sol     236  0.057993  2.075213  1206.70  116  0.000156   199.83     3.16
 sol     237  0.057796  2.106574  1202.72  116  0.000197   199.80     3.99
 sol     238  0.057552  2.137943  1197.76  116  0.000244   199.85     4.96
 sol     239  0.057250  2.169329  1191.65  116  0.000301   199.96     6.11
 sol     240  0.056882  2.200671  1184.19  116  0.000368   199.68     7.46
 sol     241  0.056435  2.232033  1175.12  116  0.000447   199.80     9.07
 sol     242  0.055901  2.263394  1164.26  117  0.000535   199.80    10.86
 sol     243  0.055264  2.294760  1151.31  117  0.000637   199.83    12.95
 sol     244  0.054504  2.326128  1135.85  117  0.000759   199.85    15.46
 sol     245  0.053605  2.357626  1117.54  117  0.000899   200.67    18.31
 sol     246  0.052590  2.388906  1096.84  118  0.001015   199.29    20.70
 sol     247  0.051404  2.420342  1072.62  118  0.001186   200.28    24.21
 sol     248  0.050096  2.451583  1045.86  119  0.001308   199.04    26.76
 sol     249  0.048616  2.482852  1015.55  119  0.001480   199.22    30.31
 sol     250  0.047010  2.514380   982.59  120  0.001606   200.86    32.96
 sol     251  0.045278  2.545674   946.99  121  0.001732   199.37    35.60
 sol     252  0.043411  2.577056   908.54  122  0.001867   199.94    38.45
 sol     253  0.041435  2.608370   867.75  122  0.001976   199.50    40.79
 sol     254  0.039374  2.639761   825.13  123  0.002061   199.99    42.62
 sol     255  0.037218  2.671266   780.47  124  0.002156   200.72    44.67
 sol     256  0.035006  2.702505   734.53  125  0.002213   199.02    45.93
 sol     257  0.032716  2.733903   686.91  126  0.002290   200.04    47.62
 sol     258  0.030376  2.765223   638.16  127  0.002340   199.54    48.76
 sol     259  0.027985  2.796586   588.24  128  0.002391   199.81    49.91
 sol     260  0.025544  2.828046   537.23  129  0.002440   200.43    51.01
 sol     261  0.023081  2.859347   485.65  130  0.002463   199.42    51.58
 sol     262  0.020585  2.890677   433.33  131  0.002495   199.61    52.32
 sol     263  0.018062  2.922034   380.37  132  0.002523   199.77    52.96
 sol     264  0.015518  2.953391   326.91  133  0.002544   199.78    53.46
 sol     265  0.012956  2.984749   273.02  134  0.002562   199.78    53.88
 sol     266  0.010381  3.016102   218.81  135  0.002575   199.75    54.22
 sol     267  0.007794  3.047464   164.31  136  0.002587   199.81    54.49
 sol     268  0.005199  3.078835   109.62  137  0.002595   199.86    54.69
 sol     269  0.002600  3.110208    54.81  138  0.002600   199.88    54.81
 end     270  0.000000  3.141593     0.00  138  0.002600   199.95    54.81
